2024-03-29 09:26:17,767 [INFO] Gpio:277 - dependency for GPIO []
2024-03-29 09:27:30,346 [INFO] Gpio:277 - dependency for GPIO []
2024-03-29 09:27:30,370 [INFO] NvicIntPanel:101 - NVIC parent = com.st.microxplorer.plugins.ip.nvic.MultiNvicIntPanel[,0,0,0x0,invalid,layout=javax.swing.BoxLayout,alignmentX=0.0,alignmentY=0.0,border=,flags=9,maximumSize=,minimumSize=,preferredSize=]
2024-03-29 09:28:07,272 [INFO] Gpio:277 - dependency for GPIO []
2024-03-29 09:28:07,285 [INFO] NvicIntPanel:101 - NVIC parent = com.st.microxplorer.plugins.ip.nvic.MultiNvicIntPanel[,0,0,0x0,invalid,layout=javax.swing.BoxLayout,alignmentX=0.0,alignmentY=0.0,border=,flags=9,maximumSize=,minimumSize=,preferredSize=]
2024-03-29 09:29:33,336 [INFO] UtilMem:75 - End SaveConfig() Used Memory: 459995248 Bytes (807403520)
2024-03-29 09:29:36,531 [INFO] UtilMem:75 - End SaveConfig() Used Memory: 526703928 Bytes (807403520)
2024-03-29 09:29:36,791 [INFO] BlockDiagram:2759 - set Specific Code input for plugin: NVIC
2024-03-29 09:29:36,791 [INFO] BlockDiagram:2759 - set Specific Code input for plugin: TIM1_8
2024-03-29 09:29:36,791 [INFO] BlockDiagram:2759 - set Specific Code input for plugin: SYS
2024-03-29 09:29:36,791 [INFO] BlockDiagram:2759 - set Specific Code input for plugin: GPIO
2024-03-29 09:29:36,791 [INFO] BlockDiagram:2759 - set Specific Code input for plugin: RCC
2024-03-29 09:29:36,793 [INFO] CodeGenerator:807 - code generatio: config db path: C:\ST\STM32CubeIDE_1.14.1\STM32CubeIDE\plugins\com.st.stm32cube.common.mx_6.11.0.202403141607\\db\
2024-03-29 09:29:36,887 [INFO] CodeEngine:255 - oldGeneratedFile, C:\Users\asus\STM32CubeIDE\workspace_1.14.1\Encodeur\MXTmpFiles\license.tmp_save
2024-03-29 09:29:37,058 [INFO] CodeEngine:279 - Generated code: C:\Users\asus\STM32CubeIDE\workspace_1.14.1\Encodeur\MXTmpFiles\license.tmp
2024-03-29 09:29:37,099 [INFO] CodeEngine:255 - oldGeneratedFile, C:\Users\asus\STM32CubeIDE\workspace_1.14.1\Encodeur\Core\Src\gpio.c_save
2024-03-29 09:29:37,237 [INFO] CodeEngine:279 - Generated code: C:\Users\asus\STM32CubeIDE\workspace_1.14.1\Encodeur\Core\Src\gpio.c
2024-03-29 09:29:37,255 [INFO] CodeEngine:255 - oldGeneratedFile, C:\Users\asus\STM32CubeIDE\workspace_1.14.1\Encodeur\Core\Inc\gpio.h_save
2024-03-29 09:29:37,377 [INFO] CodeEngine:279 - Generated code: C:\Users\asus\STM32CubeIDE\workspace_1.14.1\Encodeur\Core\Inc\gpio.h
2024-03-29 09:29:37,457 [INFO] CodeEngine:255 - oldGeneratedFile, C:\Users\asus\STM32CubeIDE\workspace_1.14.1\Encodeur\Core\Src\tim.c_save
2024-03-29 09:29:37,657 [INFO] CodeEngine:279 - Generated code: C:\Users\asus\STM32CubeIDE\workspace_1.14.1\Encodeur\Core\Src\tim.c
2024-03-29 09:29:37,675 [INFO] CodeEngine:255 - oldGeneratedFile, C:\Users\asus\STM32CubeIDE\workspace_1.14.1\Encodeur\Core\Inc\tim.h_save
2024-03-29 09:29:37,769 [INFO] CodeEngine:279 - Generated code: C:\Users\asus\STM32CubeIDE\workspace_1.14.1\Encodeur\Core\Inc\tim.h
2024-03-29 09:29:37,797 [INFO] CodeEngine:255 - oldGeneratedFile, C:\Users\asus\STM32CubeIDE\workspace_1.14.1\Encodeur\Core\Src\stm32f4xx_it.c_save
2024-03-29 09:29:38,005 [INFO] CodeEngine:279 - Generated code: C:\Users\asus\STM32CubeIDE\workspace_1.14.1\Encodeur\Core\Src\stm32f4xx_it.c
2024-03-29 09:29:38,028 [INFO] CodeEngine:255 - oldGeneratedFile, C:\Users\asus\STM32CubeIDE\workspace_1.14.1\Encodeur\Core\Inc\stm32f4xx_it.h_save
2024-03-29 09:29:38,129 [INFO] CodeEngine:279 - Generated code: C:\Users\asus\STM32CubeIDE\workspace_1.14.1\Encodeur\Core\Inc\stm32f4xx_it.h
2024-03-29 09:29:38,159 [INFO] CodeEngine:255 - oldGeneratedFile, C:\Users\asus\STM32CubeIDE\workspace_1.14.1\Encodeur\Core\Src\stm32f4xx_hal_msp.c_save
2024-03-29 09:29:38,307 [INFO] CodeEngine:279 - Generated code: C:\Users\asus\STM32CubeIDE\workspace_1.14.1\Encodeur\Core\Src\stm32f4xx_hal_msp.c
2024-03-29 09:29:38,312 [INFO] CodeEngine:255 - oldGeneratedFile, C:\Users\asus\STM32CubeIDE\workspace_1.14.1\Encodeur\MXTmpFiles\system.tmp_save
2024-03-29 09:29:38,381 [INFO] CodeEngine:279 - Generated code: C:\Users\asus\STM32CubeIDE\workspace_1.14.1\Encodeur\MXTmpFiles\system.tmp
2024-03-29 09:29:38,406 [INFO] CodeEngine:311 - oldGeneratedFile, C:\Users\asus\STM32CubeIDE\workspace_1.14.1\Encodeur\Core\Inc\stm32f4xx_hal_conf.h_save
2024-03-29 09:29:38,541 [INFO] CodeEngine:335 - Generated code: C:\Users\asus\STM32CubeIDE\workspace_1.14.1\Encodeur\Core\Inc\stm32f4xx_hal_conf.h
2024-03-29 09:29:38,605 [INFO] CodeEngine:255 - oldGeneratedFile, C:\Users\asus\STM32CubeIDE\workspace_1.14.1\Encodeur\Core\Inc\main.h_save
2024-03-29 09:29:38,738 [INFO] CodeEngine:279 - Generated code: C:\Users\asus\STM32CubeIDE\workspace_1.14.1\Encodeur\Core\Inc\main.h
2024-03-29 09:29:38,762 [INFO] CodeEngine:255 - oldGeneratedFile, C:\Users\asus\STM32CubeIDE\workspace_1.14.1\Encodeur\Core\Src\main.c_save
2024-03-29 09:29:38,878 [INFO] CodeEngine:279 - Generated code: C:\Users\asus\STM32CubeIDE\workspace_1.14.1\Encodeur\Core\Src\main.c
2024-03-29 09:29:39,023 [INFO] ProjectBuilder:3163 - Time for Copy HAL[2] : 0mS.
2024-03-29 09:29:39,029 [INFO] ProjectBuilder:4736 - Project Generator version: 4.3.0-B58
2024-03-29 09:29:39,096 [INFO] ConfigFileManager:1503 - The Die is : DIE431
2024-03-29 09:29:40,891 [INFO] ProjectBuilder:5002 - Time for Generating toolchain IDE Files: 1862mS.
2024-03-29 09:29:40,891 [INFO] ProjectBuilder:3034 - Time for Copy CMSIS : 0mS.
2024-03-29 09:29:40,892 [INFO] ProjectBuilder:3034 - Time for Copy CMSIS : 0mS.
