2024-03-19 02:13:53,325 [ERROR] LogOutputStream:75 - [STDERR_REDIRECT] [Fatal Error] :1:1: Premature end of file.
2024-03-19 02:13:53,344 [ERROR] LogOutputStream:75 - [STDERR_REDIRECT] 
2024-03-19 02:13:54,259 [ERROR] LogOutputStream:75 - [STDERR_REDIRECT] [Fatal Error] :1:1: Premature end of file.
2024-03-19 02:13:54,259 [ERROR] LogOutputStream:75 - [STDERR_REDIRECT] 
2024-03-19 09:23:09,691 [INFO] Activator:176 - 


2024-03-19 09:23:09,694 [INFO] Activator:177 - !SESSION log4j initialized
2024-03-19 09:23:16,808 [INFO] LogOutputStream:77 - [STDOUT_REDIRECT] 
2024-03-19 09:23:21,042 [INFO] ApplicationProperties:184 - Using Application install path: C:\ST\STM32CubeIDE_1.14.1\STM32CubeIDE\plugins\com.st.stm32cube.common.mx_6.10.0.202311202037
2024-03-19 09:23:21,069 [INFO] DbMcusXml:78 - Set database path to: C:\ST\STM32CubeIDE_1.14.1\STM32CubeIDE\plugins\com.st.stm32cube.common.mx_6.10.0.202311202037\\db\/mcu/
2024-03-19 09:23:21,069 [INFO] ApiDb:274 - Set plugin database path to: C:\ST\STM32CubeIDE_1.14.1\STM32CubeIDE\plugins\com.st.stm32cube.common.mx_6.10.0.202311202037\\db\/plugins/boardmanager/
2024-03-19 09:23:21,070 [WARN] ApiDb:259 - Overriding images path with different value:  => C:\ST\STM32CubeIDE_1.14.1\STM32CubeIDE\plugins\com.st.stm32cube.common.mx_6.10.0.202311202037\\db\/plugins/mcufinder/images/
2024-03-19 09:23:21,082 [INFO] ApiDb:250 - Set database path to: C:\Users\asus\.stmcufinder\plugins\mcufinder//mcu/
2024-03-19 09:23:21,086 [INFO] DbMcusAds:125 - Set database path to: C:\Users\asus\.stmcufinder\plugins\mcufinder//mcu/
2024-03-19 09:23:21,089 [INFO] CrossReferenceDbSqlite:203 - Set database path to: C:\Users\asus\.stmcufinder\plugins\mcufinder//mcu/cs/
2024-03-19 09:23:21,216 [INFO] RulesReader:64 - Compatibility file has been processed (297 Rules)
2024-03-19 09:23:21,346 [INFO] DbMcusXml:78 - Set database path to: C:\ST\STM32CubeIDE_1.14.1\STM32CubeIDE\plugins\com.st.stm32cube.common.mx_6.10.0.202311202037\\db\/mcu/
2024-03-19 09:23:21,346 [INFO] ApiDb:274 - Set plugin database path to: C:\ST\STM32CubeIDE_1.14.1\STM32CubeIDE\plugins\com.st.stm32cube.common.mx_6.10.0.202311202037\\db\/plugins/boardmanager/
2024-03-19 09:23:21,347 [INFO] ApiDb:261 - Set plugin images path to: C:\ST\STM32CubeIDE_1.14.1\STM32CubeIDE\plugins\com.st.stm32cube.common.mx_6.10.0.202311202037\\db\/plugins/mcufinder/images/
2024-03-19 09:23:21,347 [WARN] DbFile:41 - Overriding database path with different value: C:\Users\asus\.stmcufinder\plugins\mcufinder/ => C:\Users\asus\.stmcufinder\plugins\mcufinder
2024-03-19 09:23:21,347 [INFO] ApiDb:250 - Set database path to: C:\Users\asus\.stmcufinder\plugins\mcufinder//mcu/
2024-03-19 09:23:21,347 [WARN] DbFile:41 - Overriding database path with different value: C:\Users\asus\.stmcufinder\plugins\mcufinder/ => C:\Users\asus\.stmcufinder\plugins\mcufinder
2024-03-19 09:23:21,347 [INFO] DbMcusAds:125 - Set database path to: C:\Users\asus\.stmcufinder\plugins\mcufinder//mcu/
2024-03-19 09:23:21,347 [WARN] DbFile:41 - Overriding database path with different value: C:\Users\asus\.stmcufinder\plugins\mcufinder/ => C:\Users\asus\.stmcufinder\plugins\mcufinder
2024-03-19 09:23:21,347 [WARN] DbFile:41 - Overriding database path with different value: C:\Users\asus\.stmcufinder\plugins\mcufinder/ => C:\Users\asus\.stmcufinder\plugins\mcufinder
2024-03-19 09:23:21,348 [INFO] CrossReferenceDbSqlite:203 - Set database path to: C:\Users\asus\.stmcufinder\plugins\mcufinder//mcu/cs/
2024-03-19 09:23:21,447 [INFO] MainPanel:264 - HeapMemory: 268435456
2024-03-19 09:23:21,583 [INFO] DbMcusXml:78 - Set database path to: C:\ST\STM32CubeIDE_1.14.1\STM32CubeIDE\plugins\com.st.stm32cube.common.mx_6.10.0.202311202037\\db\/mcu/
2024-03-19 09:23:21,583 [INFO] ApiDb:274 - Set plugin database path to: C:\ST\STM32CubeIDE_1.14.1\STM32CubeIDE\plugins\com.st.stm32cube.common.mx_6.10.0.202311202037\\db\/plugins/boardmanager/
2024-03-19 09:23:21,583 [INFO] ApiDb:261 - Set plugin images path to: C:\ST\STM32CubeIDE_1.14.1\STM32CubeIDE\plugins\com.st.stm32cube.common.mx_6.10.0.202311202037\\db\/plugins/mcufinder/images/
2024-03-19 09:23:21,584 [WARN] DbFile:41 - Overriding database path with different value: C:\Users\asus\.stmcufinder\plugins\mcufinder/ => C:\Users\asus\.stmcufinder\plugins\mcufinder
2024-03-19 09:23:21,584 [INFO] ApiDb:250 - Set database path to: C:\Users\asus\.stmcufinder\plugins\mcufinder//mcu/
2024-03-19 09:23:21,584 [WARN] DbFile:41 - Overriding database path with different value: C:\Users\asus\.stmcufinder\plugins\mcufinder/ => C:\Users\asus\.stmcufinder\plugins\mcufinder
2024-03-19 09:23:21,584 [INFO] DbMcusAds:125 - Set database path to: C:\Users\asus\.stmcufinder\plugins\mcufinder//mcu/
2024-03-19 09:23:21,584 [WARN] DbFile:41 - Overriding database path with different value: C:\Users\asus\.stmcufinder\plugins\mcufinder/ => C:\Users\asus\.stmcufinder\plugins\mcufinder
2024-03-19 09:23:21,584 [WARN] DbFile:41 - Overriding database path with different value: C:\Users\asus\.stmcufinder\plugins\mcufinder/ => C:\Users\asus\.stmcufinder\plugins\mcufinder
2024-03-19 09:23:21,584 [INFO] CrossReferenceDbSqlite:203 - Set database path to: C:\Users\asus\.stmcufinder\plugins\mcufinder//mcu/cs/
2024-03-19 09:23:21,605 [INFO] ApplicationProperties:184 - Using Application install path: C:\ST\STM32CubeIDE_1.14.1\STM32CubeIDE\plugins\com.st.stm32cube.common.mx_6.10.0.202311202037
2024-03-19 09:23:21,607 [INFO] PluginManage:196 - Search for loadable plugins [exclusion list=, ]
2024-03-19 09:23:21,608 [INFO] PluginManage:310 - Check plugin analytics
2024-03-19 09:23:21,831 [INFO] AnalyticsPlugin:253 - Accepted Software Licenses: 
2024-03-19 09:23:21,831 [INFO] AnalyticsPlugin:255 - Accepted CMSIS Pack Licenses: 
2024-03-19 09:23:21,832 [INFO] AnalyticsPlugin:257 - Accepted Firmware Licenses: FW.F4.1.27.0,FW.F7.1.17.0
2024-03-19 09:23:21,834 [INFO] PluginManage:359 - Loaded plugin analytics (category:tool,tabindex:-1)
2024-03-19 09:23:21,835 [INFO] PluginManage:310 - Check plugin cadmodel
2024-03-19 09:23:21,859 [INFO] CADModel:105 - Init CAD model plugin
2024-03-19 09:23:21,860 [INFO] PluginManage:359 - Loaded plugin cadmodel (category:power,tabindex:5)
2024-03-19 09:23:21,860 [INFO] PluginManage:310 - Check plugin clock
2024-03-19 09:23:21,897 [INFO] PluginManage:359 - Loaded plugin clock (category:base,tabindex:2)
2024-03-19 09:23:21,898 [INFO] PluginManage:310 - Check plugin ddr
2024-03-19 09:23:21,900 [INFO] PluginManage:359 - Loaded plugin ddr (category:tool,tabindex:6)
2024-03-19 09:23:21,900 [INFO] PluginManage:310 - Check plugin filemanager
2024-03-19 09:23:22,071 [INFO] PluginManage:359 - Loaded plugin filemanager (category:base,tabindex:10)
2024-03-19 09:23:22,071 [INFO] PluginManage:310 - Check plugin ipmanager
2024-03-19 09:23:22,080 [INFO] PluginManage:359 - Loaded plugin ipmanager (category:base,tabindex:5)
2024-03-19 09:23:22,080 [INFO] PluginManage:310 - Check plugin lpbam
2024-03-19 09:23:22,107 [INFO] PluginManage:359 - Loaded plugin lpbam (category:base,tabindex:0)
2024-03-19 09:23:22,107 [INFO] PluginManage:310 - Check plugin memorymap
2024-03-19 09:23:22,138 [INFO] PluginManage:359 - Loaded plugin memorymap (category:base,tabindex:4)
2024-03-19 09:23:22,139 [INFO] PluginManage:310 - Check plugin pinoutandconfiguration
2024-03-19 09:23:22,161 [INFO] PluginManage:359 - Loaded plugin pinoutandconfiguration (category:base,tabindex:1)
2024-03-19 09:23:22,161 [INFO] PluginManage:310 - Check plugin pinoutconfig
2024-03-19 09:23:22,264 [WARN] SupportedApi:132 - Cannot load RTOS API schema: s4s-elt-must-match.1: The content of 'definitions' must match (annotation?, (simpleType | complexType)?, (unique | key | keyref)*)). A problem was found starting at: attribute.
2024-03-19 09:23:22,417 [INFO] PluginManage:359 - Loaded plugin pinoutconfig (category:base,tabindex:0)
2024-03-19 09:23:22,418 [INFO] PluginManage:310 - Check plugin power
2024-03-19 09:23:22,442 [INFO] PluginManage:359 - Loaded plugin power (category:power,tabindex:4)
2024-03-19 09:23:22,442 [INFO] PluginManage:310 - Check plugin projectmanager
2024-03-19 09:23:22,458 [INFO] PluginManage:359 - Loaded plugin projectmanager (category:projectmanager,tabindex:3)
2024-03-19 09:23:22,458 [INFO] PluginManage:310 - Check plugin thirdparty
2024-03-19 09:23:22,753 [INFO] PluginManage:359 - Loaded plugin thirdparty (category:base,tabindex:-1)
2024-03-19 09:23:22,754 [INFO] PluginManage:310 - Check plugin tools
2024-03-19 09:23:22,753 [WARN] IntegrityCheckThread:84 - waiting for thirdparty lock release [integrity check]
2024-03-19 09:23:22,754 [INFO] IntegrityCheckThread:86 - entering critical section [integrity check]
2024-03-19 09:23:22,754 [INFO] ThirdPartyUpdaterWithRetryManager:70 - Updater plugin not ready yet. [1/15]
2024-03-19 09:23:22,788 [INFO] PluginManage:359 - Loaded plugin tools (category:base,tabindex:7)
2024-03-19 09:23:22,788 [INFO] PluginManage:310 - Check plugin tutovideos
2024-03-19 09:23:23,018 [INFO] PluginManage:359 - Loaded plugin tutovideos (category:base,tabindex:-1)
2024-03-19 09:23:23,018 [INFO] PluginManage:310 - Check plugin updater
2024-03-19 09:23:23,035 [INFO] PluginManage:359 - Loaded plugin updater (category:base,tabindex:12)
2024-03-19 09:23:23,035 [INFO] PluginManage:310 - Check plugin userauth
2024-03-19 09:23:23,040 [INFO] UserAuth:114 - Init User Auth plugin
2024-03-19 09:23:23,040 [INFO] PluginManage:359 - Loaded plugin userauth (category:base,tabindex:14)
2024-03-19 09:23:23,041 [INFO] PluginManage:283 - PluginManage : Loaded plugins [17]
2024-03-19 09:23:23,330 [INFO] PinOutPanel:1499 - setPackage(No Configuration,No Configuration)
2024-03-19 09:23:23,416 [INFO] CADModel:165 - CPN selected for project level
2024-03-19 09:23:23,416 [INFO] CADModel:114 - Register for checkConnection events
2024-03-19 09:23:23,445 [INFO] IPUIPlugin:80 - create IPUIPlugin
2024-03-19 09:23:23,445 [INFO] PluginManager:220 - loadIPPluginJar : add adc
2024-03-19 09:23:23,478 [INFO] IPUIPlugin:80 - create IPUIPlugin
2024-03-19 09:23:23,479 [INFO] PluginManager:220 - loadIPPluginJar : add aes
2024-03-19 09:23:23,517 [INFO] IPUIPlugin:80 - create IPUIPlugin
2024-03-19 09:23:23,517 [INFO] PluginManager:220 - loadIPPluginJar : add can
2024-03-19 09:23:23,537 [INFO] IPUIPlugin:80 - create IPUIPlugin
2024-03-19 09:23:23,537 [INFO] PluginManager:220 - loadIPPluginJar : add comp
2024-03-19 09:23:23,566 [INFO] IPUIPlugin:80 - create IPUIPlugin
2024-03-19 09:23:23,566 [INFO] PluginManager:220 - loadIPPluginJar : add cryp
2024-03-19 09:23:23,594 [INFO] IPUIPlugin:80 - create IPUIPlugin
2024-03-19 09:23:23,594 [INFO] PluginManager:220 - loadIPPluginJar : add dfsdm
2024-03-19 09:23:23,609 [INFO] IPUIPlugin:80 - create IPUIPlugin
2024-03-19 09:23:23,609 [INFO] PluginManager:220 - loadIPPluginJar : add dma
2024-03-19 09:23:23,661 [INFO] IPUIPlugin:80 - create IPUIPlugin
2024-03-19 09:23:23,661 [INFO] PluginManager:220 - loadIPPluginJar : add dma3
2024-03-19 09:23:23,683 [INFO] IPUIPlugin:80 - create IPUIPlugin
2024-03-19 09:23:23,684 [INFO] PluginManager:220 - loadIPPluginJar : add fatfs
2024-03-19 09:23:23,725 [INFO] IPUIPlugin:80 - create IPUIPlugin
2024-03-19 09:23:23,725 [INFO] PluginManager:220 - loadIPPluginJar : add fmc
2024-03-19 09:23:23,740 [INFO] IPUIPlugin:80 - create IPUIPlugin
2024-03-19 09:23:23,740 [INFO] PluginManager:220 - loadIPPluginJar : add freertos
2024-03-19 09:23:23,758 [INFO] IPUIPlugin:80 - create IPUIPlugin
2024-03-19 09:23:23,758 [INFO] PluginManager:220 - loadIPPluginJar : add genericplugin
2024-03-19 09:23:23,837 [INFO] IPUIPlugin:80 - create IPUIPlugin
2024-03-19 09:23:23,837 [INFO] PluginManager:220 - loadIPPluginJar : add gfxmmu
2024-03-19 09:23:23,952 [INFO] IPUIPlugin:80 - create IPUIPlugin
2024-03-19 09:23:23,952 [INFO] PluginManager:220 - loadIPPluginJar : add gic
2024-03-19 09:23:23,970 [INFO] IPUIPlugin:80 - create IPUIPlugin
2024-03-19 09:23:23,970 [INFO] PluginManager:220 - loadIPPluginJar : add gpio
2024-03-19 09:23:24,055 [INFO] IPUIPlugin:80 - create IPUIPlugin
2024-03-19 09:23:24,055 [INFO] PluginManager:220 - loadIPPluginJar : add gtzc
2024-03-19 09:23:24,084 [INFO] IPUIPlugin:80 - create IPUIPlugin
2024-03-19 09:23:24,085 [INFO] PluginManager:220 - loadIPPluginJar : add hash
2024-03-19 09:23:24,129 [INFO] IPUIPlugin:80 - create IPUIPlugin
2024-03-19 09:23:24,130 [INFO] PluginManager:220 - loadIPPluginJar : add i2c
2024-03-19 09:23:24,162 [INFO] IPUIPlugin:80 - create IPUIPlugin
2024-03-19 09:23:24,162 [INFO] PluginManager:220 - loadIPPluginJar : add i2s
2024-03-19 09:23:24,196 [INFO] IPUIPlugin:80 - create IPUIPlugin
2024-03-19 09:23:24,196 [INFO] PluginManager:220 - loadIPPluginJar : add i3c
2024-03-19 09:23:24,280 [INFO] IPUIPlugin:80 - create IPUIPlugin
2024-03-19 09:23:24,282 [INFO] PluginManager:220 - loadIPPluginJar : add ipddr
2024-03-19 09:23:24,377 [INFO] IPUIPlugin:80 - create IPUIPlugin
2024-03-19 09:23:24,377 [INFO] PluginManager:220 - loadIPPluginJar : add linkedlist
2024-03-19 09:23:24,408 [INFO] IPUIPlugin:80 - create IPUIPlugin
2024-03-19 09:23:24,409 [INFO] PluginManager:220 - loadIPPluginJar : add lorawan
2024-03-19 09:23:24,441 [INFO] IPUIPlugin:80 - create IPUIPlugin
2024-03-19 09:23:24,441 [INFO] PluginManager:220 - loadIPPluginJar : add ltdc
2024-03-19 09:23:24,456 [INFO] IPUIPlugin:80 - create IPUIPlugin
2024-03-19 09:23:24,456 [INFO] PluginManager:220 - loadIPPluginJar : add mdma
2024-03-19 09:23:24,467 [INFO] IPUIPlugin:80 - create IPUIPlugin
2024-03-19 09:23:24,467 [INFO] PluginManager:220 - loadIPPluginJar : add nvic
2024-03-19 09:23:24,500 [INFO] IPUIPlugin:80 - create IPUIPlugin
2024-03-19 09:23:24,500 [INFO] PluginManager:220 - loadIPPluginJar : add opamp
2024-03-19 09:23:24,552 [INFO] IPUIPlugin:80 - create IPUIPlugin
2024-03-19 09:23:24,552 [INFO] PluginManager:220 - loadIPPluginJar : add openamp
2024-03-19 09:23:24,591 [INFO] IPUIPlugin:80 - create IPUIPlugin
2024-03-19 09:23:24,591 [INFO] PluginManager:220 - loadIPPluginJar : add pdm2pcm
2024-03-19 09:23:24,608 [INFO] IPUIPlugin:80 - create IPUIPlugin
2024-03-19 09:23:24,610 [INFO] PluginManager:220 - loadIPPluginJar : add plateformsettings
2024-03-19 09:23:24,630 [INFO] IPUIPlugin:80 - create IPUIPlugin
2024-03-19 09:23:24,630 [INFO] PluginManager:220 - loadIPPluginJar : add quadspi
2024-03-19 09:23:24,646 [INFO] IPUIPlugin:80 - create IPUIPlugin
2024-03-19 09:23:24,646 [INFO] PluginManager:220 - loadIPPluginJar : add resmgrutility
2024-03-19 09:23:24,693 [INFO] IPUIPlugin:80 - create IPUIPlugin
2024-03-19 09:23:24,693 [INFO] PluginManager:220 - loadIPPluginJar : add sai
2024-03-19 09:23:24,735 [INFO] IPUIPlugin:80 - create IPUIPlugin
2024-03-19 09:23:24,735 [INFO] PluginManager:220 - loadIPPluginJar : add spi
2024-03-19 09:23:24,797 [INFO] IPUIPlugin:80 - create IPUIPlugin
2024-03-19 09:23:24,797 [INFO] PluginManager:220 - loadIPPluginJar : add stm32_wpan
2024-03-19 09:23:24,818 [INFO] IPUIPlugin:80 - create IPUIPlugin
2024-03-19 09:23:24,818 [INFO] PluginManager:220 - loadIPPluginJar : add tim
2024-03-19 09:23:24,866 [INFO] IPUIPlugin:80 - create IPUIPlugin
2024-03-19 09:23:24,866 [INFO] PluginManager:220 - loadIPPluginJar : add touchsensing
2024-03-19 09:23:24,888 [INFO] IPUIPlugin:80 - create IPUIPlugin
2024-03-19 09:23:24,888 [INFO] PluginManager:220 - loadIPPluginJar : add tracer_emb
2024-03-19 09:23:24,908 [INFO] IPUIPlugin:80 - create IPUIPlugin
2024-03-19 09:23:24,908 [INFO] PluginManager:220 - loadIPPluginJar : add ts
2024-03-19 09:23:24,928 [INFO] IPUIPlugin:80 - create IPUIPlugin
2024-03-19 09:23:24,928 [INFO] PluginManager:220 - loadIPPluginJar : add tsc
2024-03-19 09:23:24,948 [INFO] IPUIPlugin:80 - create IPUIPlugin
2024-03-19 09:23:24,948 [INFO] PluginManager:220 - loadIPPluginJar : add ucpd
2024-03-19 09:23:24,986 [INFO] IPUIPlugin:80 - create IPUIPlugin
2024-03-19 09:23:24,986 [INFO] PluginManager:220 - loadIPPluginJar : add usart
2024-03-19 09:23:25,083 [INFO] IPUIPlugin:80 - create IPUIPlugin
2024-03-19 09:23:25,083 [INFO] PluginManager:220 - loadIPPluginJar : add usbx
2024-03-19 09:23:25,227 [INFO] CADModel:165 - CPN selected for project level
2024-03-19 09:23:25,227 [INFO] CADModel:114 - Register for checkConnection events
2024-03-19 09:23:25,227 [FATAL] Updater:308 - Updater called before beeing initialized
2024-03-19 09:23:25,228 [ERROR] CADModel:125 - Updater not yet initialized, retry later 
2024-03-19 09:23:25,350 [INFO] CADModel:165 - CPN selected for project level
2024-03-19 09:23:25,350 [INFO] CADModel:114 - Register for checkConnection events
2024-03-19 09:23:25,350 [FATAL] Updater:308 - Updater called before beeing initialized
2024-03-19 09:23:25,350 [ERROR] CADModel:125 - Updater not yet initialized, retry later 
2024-03-19 09:23:25,353 [FATAL] Updater:308 - Updater called before beeing initialized
2024-03-19 09:23:25,458 [FATAL] Updater:308 - Updater called before beeing initialized
2024-03-19 09:23:25,467 [INFO] DbMcusAds:53 - JSON generation date=Wed Nov 29 11:52:27 CET 2023 (1701255147349)
2024-03-19 09:23:25,467 [FATAL] Updater:308 - Updater called before beeing initialized
2024-03-19 09:23:25,539 [WARN] DetailPanel:346 - Failed to get advertising image, set to default
2024-03-19 09:23:25,617 [FATAL] Updater:308 - Updater called before beeing initialized
2024-03-19 09:23:25,619 [FATAL] Updater:308 - Updater called before beeing initialized
2024-03-19 09:23:25,619 [FATAL] Updater:308 - Updater called before beeing initialized
2024-03-19 09:23:25,619 [WARN] DetailPanel:346 - Failed to get advertising image, set to default
2024-03-19 09:23:25,620 [FATAL] Updater:308 - Updater called before beeing initialized
2024-03-19 09:23:25,680 [ERROR] Updater:1120 - MainUpdater not yet initialized. External WinMGr cannot be set.
2024-03-19 09:23:25,690 [INFO] Updater:1056 - Updater Version found : 6.10.0
2024-03-19 09:23:25,707 [INFO] ApplicationProperties:184 - Using Application install path: C:\ST\STM32CubeIDE_1.14.1\STM32CubeIDE\plugins\com.st.stm32cube.common.mx_6.10.0.202311202037
2024-03-19 09:23:25,757 [INFO] ThirdPartyUpdaterWithRetryManager:70 - Updater plugin not ready yet. [2/15]
2024-03-19 09:23:26,547 [INFO] MainUpdater:2873 - connection check result : 10
2024-03-19 09:23:26,549 [INFO] MainUpdater:290 - Updater Check For Update Now.
2024-03-19 09:23:26,549 [INFO] MicroXplorer:498 - Change Database Version : DB.6.0.100
2024-03-19 09:23:26,565 [INFO] McuFinderGlobals:63 - Set McuFinder mode to 2 (CubeIDE integrated)
2024-03-19 09:23:26,566 [INFO] UserAuth:180 - activating auth plugin
2024-03-19 09:23:26,569 [INFO] UserAuth:404 - Internet connection configuration mode: 1
2024-03-19 09:23:26,604 [INFO] JxBrowserEngine:152 - Initiate JxBrowser Engine with user profile folder
2024-03-19 09:23:26,753 [INFO] CheckServerUpdateThread:120 - End of CheckServer Thread
2024-03-19 09:23:29,230 [WARN] PackLoader:240 - Cannot read IP mode file for STMicroelectronics.X-CUBE-SMBUS.2.1.0
2024-03-19 09:23:29,258 [WARN] PackLoader:240 - Cannot read IP mode file for STMicroelectronics.X-CUBE-TOUCHGFX.4.23.0
2024-03-19 09:23:29,321 [WARN] PackLoader:240 - Cannot read IP mode file for STMicroelectronics.X-CUBE-AZRTOS-F7.1.1.0
2024-03-19 09:23:29,352 [WARN] PackLoader:240 - Cannot read IP mode file for STMicroelectronics.FP-SNS-MOTENV1.4.3.2
2024-03-19 09:23:29,494 [WARN] PackLoader:240 - Cannot read IP mode file for STMicroelectronics.FP-SNS-FLIGHT1.5.0.2
2024-03-19 09:23:29,538 [WARN] PackLoader:240 - Cannot read IP mode file for STMicroelectronics.X-CUBE-DISPLAY.3.0.0
2024-03-19 09:23:29,577 [WARN] PackLoader:240 - Cannot read IP mode file for STMicroelectronics.X-CUBE-BLE1.7.0.0
2024-03-19 09:23:29,597 [WARN] PackLoader:240 - Cannot read IP mode file for emotas.I-CUBE-CANOPEN.1.3.0
2024-03-19 09:23:29,623 [WARN] PackLoader:240 - Cannot read IP mode file for STMicroelectronics.FP-SNS-SMARTAG2.1.2.0
2024-03-19 09:23:29,655 [INFO] LogOutputStream:77 - [STDOUT_REDIRECT] 1 : Invalid condition id : UX_CORESTACK_Condition cause : null
2024-03-19 09:23:29,656 [INFO] LogOutputStream:77 - [STDOUT_REDIRECT] 1 : Invalid condition id : UX_CORESTACK_Condition cause : null
2024-03-19 09:23:29,657 [INFO] LogOutputStream:77 - [STDOUT_REDIRECT] 1 : Invalid condition id : UX_CORESTACK_Condition cause : null
2024-03-19 09:23:29,658 [INFO] LogOutputStream:77 - [STDOUT_REDIRECT] 1 : Invalid condition id : UX_CORESTACK_Condition cause : null
2024-03-19 09:23:29,659 [INFO] LogOutputStream:77 - [STDOUT_REDIRECT] 1 : Invalid condition id : UX_CORESTACK_Condition cause : null
2024-03-19 09:23:29,665 [WARN] PackLoader:240 - Cannot read IP mode file for STMicroelectronics.X-CUBE-AZRTOS-WL.2.0.0
2024-03-19 09:23:29,692 [WARN] PackLoader:240 - Cannot read IP mode file for WES.I-CUBE-Cesium.1.3.0
2024-03-19 09:23:29,728 [WARN] PackLoader:240 - Cannot read IP mode file for STMicroelectronics.X-CUBE-BLE2.3.3.0
2024-03-19 09:23:29,750 [WARN] PackLoader:240 - Cannot read IP mode file for STMicroelectronics.X-CUBE-ALGOBUILD.1.3.0
2024-03-19 09:23:29,767 [INFO] WebApp:161 - Instantiating new browser for Auth
2024-03-19 09:23:29,806 [WARN] PackLoader:240 - Cannot read IP mode file for STMicroelectronics.X-CUBE-AZRTOS-G0.1.1.0
2024-03-19 09:23:29,834 [WARN] PackLoader:240 - Cannot read IP mode file for STMicroelectronics.X-CUBE-NFC4.3.0.0
2024-03-19 09:23:29,854 [WARN] PackLoader:240 - Cannot read IP mode file for STMicroelectronics.FP-ATR-SIGFOX1.3.2.0
2024-03-19 09:23:29,908 [WARN] PackLoader:240 - Cannot read IP mode file for SEGGER.I-CUBE-embOS.1.3.1
2024-03-19 09:23:30,015 [WARN] PackLoader:240 - Cannot read IP mode file for STMicroelectronics.X-CUBE-GNSS1.6.0.0
2024-03-19 09:23:30,068 [WARN] PackLoader:240 - Cannot read IP mode file for STMicroelectronics.X-CUBE-AZRTOS-F4.1.1.0
2024-03-19 09:23:30,110 [WARN] PackLoader:240 - Cannot read IP mode file for wolfSSL.I-CUBE-wolfSSL.5.6.6
2024-03-19 09:23:30,188 [WARN] PackLoader:240 - Cannot read IP mode file for STMicroelectronics.X-CUBE-AZRTOS-L5.2.0.0
2024-03-19 09:23:30,256 [WARN] PackLoader:240 - Cannot read IP mode file for ITTIA_DB.I-CUBE-ITTIADB.8.8.0
2024-03-19 09:23:30,283 [WARN] PackLoader:240 - Cannot read IP mode file for STMicroelectronics.X-CUBE-AI.8.1.0
2024-03-19 09:23:30,325 [WARN] ConditionMgr:438 - getConditionDescription Invalid condition id : LAN8742 Phy interface Condition cause : null
2024-03-19 09:23:30,327 [WARN] PackLoader:240 - Cannot read IP mode file for STMicroelectronics.X-CUBE-AZRTOS-L4.2.0.0
2024-03-19 09:23:30,329 [WARN] ConditionMgr:1039 - genDependencies : Invalid condition id : LAN8742 Phy interface Condition cause : null
2024-03-19 09:23:30,330 [WARN] ConditionMgr:1039 - genDependencies : Invalid condition id : LAN8742 Phy interface Condition cause : null
2024-03-19 09:23:30,331 [WARN] ConditionMgr:1039 - genDependencies : Invalid condition id : LAN8742 Phy interface Condition cause : null
2024-03-19 09:23:30,356 [WARN] PackLoader:240 - Cannot read IP mode file for STMicroelectronics.X-CUBE-SFXS2LP1.4.0.0
2024-03-19 09:23:30,395 [WARN] ConditionMgr:438 - getConditionDescription Invalid condition id : UX DEVICE CLASS RTOS Condition cause : null
2024-03-19 09:23:30,395 [WARN] ConditionMgr:438 - getConditionDescription Invalid condition id : UX DEVICE CLASS RTOS Condition cause : null
2024-03-19 09:23:30,401 [WARN] PackLoader:240 - Cannot read IP mode file for STMicroelectronics.X-CUBE-AZRTOS-WB.2.0.0
2024-03-19 09:23:30,402 [WARN] ConditionMgr:1039 - genDependencies : Invalid condition id : UX DEVICE CLASS RTOS Condition cause : null
2024-03-19 09:23:30,402 [WARN] ConditionMgr:1039 - genDependencies : Invalid condition id : UX DEVICE CLASS RTOS Condition cause : null
2024-03-19 09:23:30,403 [WARN] ConditionMgr:1039 - genDependencies : Invalid condition id : UX DEVICE CLASS RTOS Condition cause : null
2024-03-19 09:23:30,403 [WARN] ConditionMgr:1039 - genDependencies : Invalid condition id : UX DEVICE CLASS RTOS Condition cause : null
2024-03-19 09:23:30,403 [WARN] ConditionMgr:1039 - genDependencies : Invalid condition id : UX DEVICE CLASS RTOS Condition cause : null
2024-03-19 09:23:30,431 [WARN] PackLoader:240 - Cannot read IP mode file for STMicroelectronics.X-CUBE-SUBG2.5.0.0
2024-03-19 09:23:30,487 [WARN] PackLoader:240 - Cannot read IP mode file for STMicroelectronics.X-CUBE-AZRTOS-G4.2.0.0
2024-03-19 09:23:30,535 [WARN] PackLoader:240 - Cannot read IP mode file for Infineon.AIROC-Wi-Fi-Bluetooth-STM32.1.5.1
2024-03-19 09:23:30,561 [WARN] PackLoader:240 - Cannot read IP mode file for STMicroelectronics.FP-SNS-MOTENVWB1.1.3.1
2024-03-19 09:23:30,584 [WARN] PackLoader:240 - Cannot read IP mode file for STMicroelectronics.X-CUBE-FREERTOS.1.1.0
2024-03-19 09:23:30,607 [WARN] PackLoader:240 - Cannot read IP mode file for portGmbH.I-Cube-SoM-uGOAL.1.1.0
2024-03-19 09:23:30,634 [WARN] PackLoader:240 - Cannot read IP mode file for STMicroelectronics.X-CUBE-ALS.1.0.1
2024-03-19 09:23:30,657 [WARN] PackLoader:240 - Cannot read IP mode file for STMicroelectronics.FP-ATR-ASTRA1.2.0.0
2024-03-19 09:23:30,694 [WARN] PackLoader:240 - Cannot read IP mode file for STMicroelectronics.X-CUBE-TOF1.3.4.1
2024-03-19 09:23:30,788 [WARN] PackLoader:240 - Cannot read IP mode file for STMicroelectronics.X-CUBE-AZRTOS-H7.3.2.0
2024-03-19 09:23:30,793 [INFO] ThirdParty:978 - Integrity check success = true
2024-03-19 09:23:30,793 [INFO] IntegrityCheckThread:100 - exiting critical section [integrity check]
2024-03-19 09:23:30,794 [INFO] IntegrityCheckThread:103 - End integrity checks thread
2024-03-19 09:23:31,102 [INFO] WebApp:780 - Register for checkConnection events
2024-03-19 09:23:31,103 [INFO] WebApp:414 - Apply proxy settings
2024-03-19 09:23:31,103 [INFO] WebApp:499 - Chromium requires no authentication
2024-03-19 09:23:31,114 [INFO] WebApp:442 - Direct internet connection detected
2024-03-19 09:23:31,384 [INFO] WebApp:192 - Starting web application
2024-03-19 09:23:31,384 [INFO] WebApp:544 - Web application path used C:\ST\STM32CubeIDE_1.14.1\STM32CubeIDE\plugins\com.st.stm32cube.common.mx_6.10.0.202311202037\db\plugins\mcufinder\reactClient1\index.html
2024-03-19 09:23:52,471 [ERROR] LogOutputStream:75 - [STDERR_REDIRECT] SLF4J: Failed to load class "org.slf4j.impl.StaticLoggerBinder".
2024-03-19 09:23:52,472 [ERROR] LogOutputStream:75 - [STDERR_REDIRECT] SLF4J: Defaulting to no-operation (NOP) logger implementation
2024-03-19 09:23:52,473 [ERROR] LogOutputStream:75 - [STDERR_REDIRECT] SLF4J: See http://www.slf4j.org/codes.html#StaticLoggerBinder for further details.
2024-03-19 12:23:54,617 [ERROR] ConfigurationRetriever:142 - IOException on connection: Connect timed out
2024-03-19 12:23:56,620 [ERROR] ConfigurationRetriever:142 - IOException on connection: Connect timed out
2024-03-19 12:23:58,623 [ERROR] ConfigurationRetriever:142 - IOException on connection: Connect timed out
2024-03-19 12:24:00,658 [ERROR] ConfigurationRetriever:142 - IOException on connection: Connect timed out
2024-03-19 12:24:02,661 [ERROR] ConfigurationRetriever:142 - IOException on connection: Connect timed out
2024-03-19 12:24:04,662 [ERROR] ConfigurationRetriever:142 - IOException on connection: Connect timed out
2024-03-19 12:25:04,270 [ERROR] ConfigurationRetriever:142 - IOException on connection: Connect timed out
2024-03-19 12:25:06,272 [ERROR] ConfigurationRetriever:142 - IOException on connection: Connect timed out
2024-03-19 12:25:08,273 [ERROR] ConfigurationRetriever:142 - IOException on connection: Connect timed out
2024-03-19 12:28:52,485 [ERROR] ConfigurationRetriever:142 - IOException on connection: Connect timed out
2024-03-19 12:28:54,487 [ERROR] ConfigurationRetriever:142 - IOException on connection: Connect timed out
2024-03-19 12:28:56,489 [ERROR] ConfigurationRetriever:142 - IOException on connection: Connect timed out
2024-03-19 12:30:28,762 [ERROR] ConfigurationRetriever:142 - IOException on connection: sw-center.st.com
2024-03-19 12:30:28,762 [ERROR] ConfigurationRetriever:142 - IOException on connection: sw-center.st.com
2024-03-19 12:30:28,763 [ERROR] ConfigurationRetriever:142 - IOException on connection: sw-center.st.com
2024-03-19 12:30:28,779 [ERROR] ConfigurationRetriever:142 - IOException on connection: sw-center.st.com
2024-03-19 12:30:28,779 [ERROR] ConfigurationRetriever:142 - IOException on connection: sw-center.st.com
2024-03-19 12:30:28,779 [ERROR] ConfigurationRetriever:142 - IOException on connection: sw-center.st.com
2024-03-19 12:32:08,381 [ERROR] ConfigurationRetriever:142 - IOException on connection: Connect timed out
2024-03-19 12:32:10,383 [ERROR] ConfigurationRetriever:142 - IOException on connection: Connect timed out
2024-03-19 12:32:12,385 [ERROR] ConfigurationRetriever:142 - IOException on connection: Connect timed out
2024-03-19 12:32:14,404 [ERROR] ConfigurationRetriever:142 - IOException on connection: Connect timed out
2024-03-19 12:32:16,406 [ERROR] ConfigurationRetriever:142 - IOException on connection: Connect timed out
2024-03-19 12:32:18,409 [ERROR] ConfigurationRetriever:142 - IOException on connection: Connect timed out
2024-03-19 12:36:01,035 [ERROR] ConfigurationRetriever:142 - IOException on connection: Read timed out
2024-03-19 12:36:04,791 [ERROR] ConfigurationRetriever:142 - IOException on connection: Read timed out
2024-03-19 12:36:06,793 [ERROR] ConfigurationRetriever:142 - IOException on connection: Connect timed out
2024-03-19 12:38:29,032 [ERROR] ConfigurationRetriever:142 - IOException on connection: Connect timed out
2024-03-19 12:38:31,035 [ERROR] ConfigurationRetriever:142 - IOException on connection: Connect timed out
2024-03-19 12:38:34,997 [ERROR] ConfigurationRetriever:142 - IOException on connection: Read timed out
2024-03-19 12:38:40,383 [ERROR] ConfigurationRetriever:142 - IOException on connection: Connect timed out
2024-03-19 12:42:47,721 [ERROR] ConfigurationRetriever:142 - IOException on connection: Connect timed out
2024-03-19 12:43:08,280 [ERROR] ConfigurationRetriever:142 - IOException on connection: Read timed out
2024-03-19 12:43:10,281 [ERROR] ConfigurationRetriever:142 - IOException on connection: Connect timed out
2024-03-19 12:48:16,251 [ERROR] ConfigurationRetriever:142 - IOException on connection: Connect timed out
2024-03-19 12:48:18,253 [ERROR] ConfigurationRetriever:142 - IOException on connection: Connect timed out
2024-03-19 12:48:20,256 [ERROR] ConfigurationRetriever:142 - IOException on connection: Connect timed out
2024-03-19 12:53:22,989 [ERROR] AdobePublisher:162 - Exception while opening the connection: java.net.SocketTimeoutException: Read timed out
2024-03-19 12:53:28,867 [ERROR] AdobePublisher:183 - Exception while getting the server answer: java.net.SocketTimeoutException: Read timed out
2024-03-19 12:53:32,756 [ERROR] ConfigurationRetriever:142 - IOException on connection: Read timed out
2024-03-19 12:53:34,759 [ERROR] ConfigurationRetriever:142 - IOException on connection: Connect timed out
2024-03-19 13:39:43,799 [ERROR] ConfigurationRetriever:142 - IOException on connection: Read timed out
2024-03-19 13:39:47,669 [ERROR] ConfigurationRetriever:142 - IOException on connection: Read timed out
2024-03-19 13:56:17,323 [ERROR] ConfigurationRetriever:142 - IOException on connection: Connect timed out
2024-03-19 13:56:20,584 [ERROR] ConfigurationRetriever:142 - IOException on connection: Read timed out
2024-03-19 13:56:22,587 [ERROR] ConfigurationRetriever:142 - IOException on connection: Connect timed out
2024-03-19 13:57:10,662 [ERROR] ConfigurationRetriever:142 - IOException on connection: Read timed out
2024-03-19 13:57:13,838 [ERROR] ConfigurationRetriever:142 - IOException on connection: Read timed out
2024-03-19 13:57:17,419 [ERROR] ConfigurationRetriever:142 - IOException on connection: Connect timed out
2024-03-19 22:19:56,538 [ERROR] LogOutputStream:75 - [STDERR_REDIRECT] 
