2024-04-04 13:48:52,689 [INFO] WebApp:354 - JxBrowser engine has been closed 
2024-04-04 14:00:49,926 [INFO] Activator:176 - 


2024-04-04 14:00:49,928 [INFO] Activator:177 - !SESSION log4j initialized
2024-04-04 14:00:59,682 [INFO] LogOutputStream:77 - [STDOUT_REDIRECT] 
2024-04-04 14:01:05,829 [INFO] ApplicationProperties:184 - Using Application install path: C:\ST\STM32CubeIDE_1.14.1\STM32CubeIDE\plugins\com.st.stm32cube.common.mx_6.11.0.202403141607
2024-04-04 14:01:05,850 [INFO] DbMcusXml:78 - Set database path to: C:\ST\STM32CubeIDE_1.14.1\STM32CubeIDE\plugins\com.st.stm32cube.common.mx_6.11.0.202403141607\\db\/mcu/
2024-04-04 14:01:05,850 [INFO] ApiDb:274 - Set plugin database path to: C:\ST\STM32CubeIDE_1.14.1\STM32CubeIDE\plugins\com.st.stm32cube.common.mx_6.11.0.202403141607\\db\/plugins/boardmanager/
2024-04-04 14:01:05,850 [WARN] ApiDb:259 - Overriding images path with different value:  => C:\ST\STM32CubeIDE_1.14.1\STM32CubeIDE\plugins\com.st.stm32cube.common.mx_6.11.0.202403141607\\db\/plugins/mcufinder/images/
2024-04-04 14:01:05,862 [INFO] ApiDb:250 - Set database path to: C:\Users\asus\.stmcufinder\plugins\mcufinder//mcu/
2024-04-04 14:01:05,863 [INFO] DbMcusAds:125 - Set database path to: C:\Users\asus\.stmcufinder\plugins\mcufinder//mcu/
2024-04-04 14:01:05,865 [INFO] CrossReferenceDbSqlite:203 - Set database path to: C:\Users\asus\.stmcufinder\plugins\mcufinder//mcu/cs/
2024-04-04 14:01:06,029 [INFO] RulesReader:64 - Compatibility file has been processed (297 Rules)
2024-04-04 14:01:06,180 [INFO] DbMcusXml:78 - Set database path to: C:\ST\STM32CubeIDE_1.14.1\STM32CubeIDE\plugins\com.st.stm32cube.common.mx_6.11.0.202403141607\\db\/mcu/
2024-04-04 14:01:06,181 [INFO] ApiDb:274 - Set plugin database path to: C:\ST\STM32CubeIDE_1.14.1\STM32CubeIDE\plugins\com.st.stm32cube.common.mx_6.11.0.202403141607\\db\/plugins/boardmanager/
2024-04-04 14:01:06,181 [INFO] ApiDb:261 - Set plugin images path to: C:\ST\STM32CubeIDE_1.14.1\STM32CubeIDE\plugins\com.st.stm32cube.common.mx_6.11.0.202403141607\\db\/plugins/mcufinder/images/
2024-04-04 14:01:06,181 [WARN] DbFile:41 - Overriding database path with different value: C:\Users\asus\.stmcufinder\plugins\mcufinder/ => C:\Users\asus\.stmcufinder\plugins\mcufinder
2024-04-04 14:01:06,181 [INFO] ApiDb:250 - Set database path to: C:\Users\asus\.stmcufinder\plugins\mcufinder//mcu/
2024-04-04 14:01:06,181 [WARN] DbFile:41 - Overriding database path with different value: C:\Users\asus\.stmcufinder\plugins\mcufinder/ => C:\Users\asus\.stmcufinder\plugins\mcufinder
2024-04-04 14:01:06,182 [INFO] DbMcusAds:125 - Set database path to: C:\Users\asus\.stmcufinder\plugins\mcufinder//mcu/
2024-04-04 14:01:06,182 [WARN] DbFile:41 - Overriding database path with different value: C:\Users\asus\.stmcufinder\plugins\mcufinder/ => C:\Users\asus\.stmcufinder\plugins\mcufinder
2024-04-04 14:01:06,182 [WARN] DbFile:41 - Overriding database path with different value: C:\Users\asus\.stmcufinder\plugins\mcufinder/ => C:\Users\asus\.stmcufinder\plugins\mcufinder
2024-04-04 14:01:06,182 [INFO] CrossReferenceDbSqlite:203 - Set database path to: C:\Users\asus\.stmcufinder\plugins\mcufinder//mcu/cs/
2024-04-04 14:01:06,322 [INFO] MainPanel:264 - HeapMemory: 268435456
2024-04-04 14:01:07,145 [INFO] DbMcusXml:78 - Set database path to: C:\ST\STM32CubeIDE_1.14.1\STM32CubeIDE\plugins\com.st.stm32cube.common.mx_6.11.0.202403141607\\db\/mcu/
2024-04-04 14:01:07,146 [INFO] ApiDb:274 - Set plugin database path to: C:\ST\STM32CubeIDE_1.14.1\STM32CubeIDE\plugins\com.st.stm32cube.common.mx_6.11.0.202403141607\\db\/plugins/boardmanager/
2024-04-04 14:01:07,146 [INFO] ApiDb:261 - Set plugin images path to: C:\ST\STM32CubeIDE_1.14.1\STM32CubeIDE\plugins\com.st.stm32cube.common.mx_6.11.0.202403141607\\db\/plugins/mcufinder/images/
2024-04-04 14:01:07,149 [WARN] DbFile:41 - Overriding database path with different value: C:\Users\asus\.stmcufinder\plugins\mcufinder/ => C:\Users\asus\.stmcufinder\plugins\mcufinder
2024-04-04 14:01:07,150 [INFO] ApiDb:250 - Set database path to: C:\Users\asus\.stmcufinder\plugins\mcufinder//mcu/
2024-04-04 14:01:07,150 [WARN] DbFile:41 - Overriding database path with different value: C:\Users\asus\.stmcufinder\plugins\mcufinder/ => C:\Users\asus\.stmcufinder\plugins\mcufinder
2024-04-04 14:01:07,150 [INFO] DbMcusAds:125 - Set database path to: C:\Users\asus\.stmcufinder\plugins\mcufinder//mcu/
2024-04-04 14:01:07,150 [WARN] DbFile:41 - Overriding database path with different value: C:\Users\asus\.stmcufinder\plugins\mcufinder/ => C:\Users\asus\.stmcufinder\plugins\mcufinder
2024-04-04 14:01:07,150 [WARN] DbFile:41 - Overriding database path with different value: C:\Users\asus\.stmcufinder\plugins\mcufinder/ => C:\Users\asus\.stmcufinder\plugins\mcufinder
2024-04-04 14:01:07,151 [INFO] CrossReferenceDbSqlite:203 - Set database path to: C:\Users\asus\.stmcufinder\plugins\mcufinder//mcu/cs/
2024-04-04 14:01:07,216 [INFO] ApplicationProperties:184 - Using Application install path: C:\ST\STM32CubeIDE_1.14.1\STM32CubeIDE\plugins\com.st.stm32cube.common.mx_6.11.0.202403141607
2024-04-04 14:01:07,222 [INFO] PluginManage:196 - Search for loadable plugins [exclusion list=, ]
2024-04-04 14:01:07,232 [INFO] PluginManage:310 - Check plugin analytics
2024-04-04 14:01:07,470 [INFO] AnalyticsPlugin:253 - Accepted Software Licenses: 
2024-04-04 14:01:07,470 [INFO] AnalyticsPlugin:255 - Accepted CMSIS Pack Licenses: 
2024-04-04 14:01:07,471 [INFO] AnalyticsPlugin:257 - Accepted Firmware Licenses: FW.F4.1.27.0,FW.F7.1.17.0
2024-04-04 14:01:07,476 [INFO] PluginManage:359 - Loaded plugin analytics (category:tool,tabindex:-1)
2024-04-04 14:01:07,476 [INFO] PluginManage:310 - Check plugin cadmodel
2024-04-04 14:01:07,501 [INFO] CADModel:105 - Init CAD model plugin
2024-04-04 14:01:07,503 [INFO] PluginManage:359 - Loaded plugin cadmodel (category:power,tabindex:5)
2024-04-04 14:01:07,503 [INFO] PluginManage:310 - Check plugin clock
2024-04-04 14:01:07,536 [INFO] PluginManage:359 - Loaded plugin clock (category:base,tabindex:2)
2024-04-04 14:01:07,536 [INFO] PluginManage:310 - Check plugin ddr
2024-04-04 14:01:07,542 [INFO] PluginManage:359 - Loaded plugin ddr (category:tool,tabindex:6)
2024-04-04 14:01:07,545 [INFO] PluginManage:310 - Check plugin filemanager
2024-04-04 14:01:07,739 [INFO] PluginManage:359 - Loaded plugin filemanager (category:base,tabindex:10)
2024-04-04 14:01:07,739 [INFO] PluginManage:310 - Check plugin ipmanager
2024-04-04 14:01:07,748 [INFO] PluginManage:359 - Loaded plugin ipmanager (category:base,tabindex:5)
2024-04-04 14:01:07,748 [INFO] PluginManage:310 - Check plugin lpbam
2024-04-04 14:01:07,772 [INFO] PluginManage:359 - Loaded plugin lpbam (category:base,tabindex:0)
2024-04-04 14:01:07,772 [INFO] PluginManage:310 - Check plugin memorymap
2024-04-04 14:01:07,799 [INFO] PluginManage:359 - Loaded plugin memorymap (category:base,tabindex:4)
2024-04-04 14:01:07,799 [INFO] PluginManage:310 - Check plugin pinoutandconfiguration
2024-04-04 14:01:07,817 [INFO] PluginManage:359 - Loaded plugin pinoutandconfiguration (category:base,tabindex:1)
2024-04-04 14:01:07,817 [INFO] PluginManage:310 - Check plugin pinoutconfig
2024-04-04 14:01:07,939 [WARN] SupportedApi:132 - Cannot load RTOS API schema: s4s-elt-must-match.1: The content of 'definitions' must match (annotation?, (simpleType | complexType)?, (unique | key | keyref)*)). A problem was found starting at: attribute.
2024-04-04 14:01:08,176 [INFO] PluginManage:359 - Loaded plugin pinoutconfig (category:base,tabindex:0)
2024-04-04 14:01:08,176 [INFO] PluginManage:310 - Check plugin power
2024-04-04 14:01:08,208 [INFO] PluginManage:359 - Loaded plugin power (category:power,tabindex:4)
2024-04-04 14:01:08,208 [INFO] PluginManage:310 - Check plugin projectmanager
2024-04-04 14:01:08,247 [INFO] PluginManage:359 - Loaded plugin projectmanager (category:projectmanager,tabindex:3)
2024-04-04 14:01:08,248 [INFO] PluginManage:310 - Check plugin thirdparty
2024-04-04 14:01:08,675 [INFO] PluginManage:359 - Loaded plugin thirdparty (category:base,tabindex:-1)
2024-04-04 14:01:08,675 [INFO] PluginManage:310 - Check plugin tools
2024-04-04 14:01:08,675 [WARN] IntegrityCheckThread:84 - waiting for thirdparty lock release [integrity check]
2024-04-04 14:01:08,675 [INFO] IntegrityCheckThread:86 - entering critical section [integrity check]
2024-04-04 14:01:08,676 [INFO] ThirdPartyUpdaterWithRetryManager:70 - Updater plugin not ready yet. [1/15]
2024-04-04 14:01:08,739 [INFO] PluginManage:359 - Loaded plugin tools (category:base,tabindex:7)
2024-04-04 14:01:08,739 [INFO] PluginManage:310 - Check plugin tutovideos
2024-04-04 14:01:09,159 [INFO] PluginManage:359 - Loaded plugin tutovideos (category:base,tabindex:-1)
2024-04-04 14:01:09,161 [INFO] PluginManage:310 - Check plugin updater
2024-04-04 14:01:09,185 [INFO] PluginManage:359 - Loaded plugin updater (category:base,tabindex:12)
2024-04-04 14:01:09,185 [INFO] PluginManage:310 - Check plugin userauth
2024-04-04 14:01:09,192 [INFO] UserAuth:114 - Init User Auth plugin
2024-04-04 14:01:09,192 [INFO] PluginManage:359 - Loaded plugin userauth (category:base,tabindex:14)
2024-04-04 14:01:09,195 [INFO] PluginManage:283 - PluginManage : Loaded plugins [17]
2024-04-04 14:01:09,534 [INFO] PinOutPanel:1561 - setPackage(No Configuration,No Configuration)
2024-04-04 14:01:09,765 [INFO] CADModel:165 - CPN selected for project level
2024-04-04 14:01:09,766 [INFO] CADModel:114 - Register for checkConnection events
2024-04-04 14:01:09,802 [INFO] IPUIPlugin:80 - create IPUIPlugin
2024-04-04 14:01:09,802 [INFO] PluginManager:220 - loadIPPluginJar : add adc
2024-04-04 14:01:09,848 [INFO] IPUIPlugin:80 - create IPUIPlugin
2024-04-04 14:01:09,848 [INFO] PluginManager:220 - loadIPPluginJar : add aes
2024-04-04 14:01:09,905 [INFO] IPUIPlugin:80 - create IPUIPlugin
2024-04-04 14:01:09,905 [INFO] PluginManager:220 - loadIPPluginJar : add can
2024-04-04 14:01:09,935 [INFO] IPUIPlugin:80 - create IPUIPlugin
2024-04-04 14:01:09,935 [INFO] PluginManager:220 - loadIPPluginJar : add comp
2024-04-04 14:01:10,000 [INFO] IPUIPlugin:80 - create IPUIPlugin
2024-04-04 14:01:10,000 [INFO] PluginManager:220 - loadIPPluginJar : add cryp
2024-04-04 14:01:10,044 [INFO] IPUIPlugin:80 - create IPUIPlugin
2024-04-04 14:01:10,045 [INFO] PluginManager:220 - loadIPPluginJar : add dfsdm
2024-04-04 14:01:10,064 [INFO] IPUIPlugin:80 - create IPUIPlugin
2024-04-04 14:01:10,064 [INFO] PluginManager:220 - loadIPPluginJar : add dma
2024-04-04 14:01:10,133 [INFO] IPUIPlugin:80 - create IPUIPlugin
2024-04-04 14:01:10,133 [INFO] PluginManager:220 - loadIPPluginJar : add dma3
2024-04-04 14:01:10,198 [INFO] IPUIPlugin:80 - create IPUIPlugin
2024-04-04 14:01:10,199 [INFO] PluginManager:220 - loadIPPluginJar : add extmemmanager
2024-04-04 14:01:10,234 [INFO] IPUIPlugin:80 - create IPUIPlugin
2024-04-04 14:01:10,234 [INFO] PluginManager:220 - loadIPPluginJar : add fatfs
2024-04-04 14:01:10,306 [INFO] IPUIPlugin:80 - create IPUIPlugin
2024-04-04 14:01:10,306 [INFO] PluginManager:220 - loadIPPluginJar : add fmc
2024-04-04 14:01:10,334 [INFO] IPUIPlugin:80 - create IPUIPlugin
2024-04-04 14:01:10,335 [INFO] PluginManager:220 - loadIPPluginJar : add freertos
2024-04-04 14:01:10,379 [INFO] IPUIPlugin:80 - create IPUIPlugin
2024-04-04 14:01:10,379 [INFO] PluginManager:220 - loadIPPluginJar : add genericplugin
2024-04-04 14:01:10,547 [INFO] IPUIPlugin:80 - create IPUIPlugin
2024-04-04 14:01:10,547 [INFO] PluginManager:220 - loadIPPluginJar : add gfxmmu
2024-04-04 14:01:10,758 [INFO] IPUIPlugin:80 - create IPUIPlugin
2024-04-04 14:01:10,758 [INFO] PluginManager:220 - loadIPPluginJar : add gic
2024-04-04 14:01:10,779 [INFO] IPUIPlugin:80 - create IPUIPlugin
2024-04-04 14:01:10,779 [INFO] PluginManager:220 - loadIPPluginJar : add gpio
2024-04-04 14:01:10,923 [INFO] IPUIPlugin:80 - create IPUIPlugin
2024-04-04 14:01:10,923 [INFO] PluginManager:220 - loadIPPluginJar : add gtzc
2024-04-04 14:01:10,978 [INFO] IPUIPlugin:80 - create IPUIPlugin
2024-04-04 14:01:10,978 [INFO] PluginManager:220 - loadIPPluginJar : add hash
2024-04-04 14:01:11,073 [INFO] IPUIPlugin:80 - create IPUIPlugin
2024-04-04 14:01:11,073 [INFO] PluginManager:220 - loadIPPluginJar : add i2c
2024-04-04 14:01:11,134 [INFO] IPUIPlugin:80 - create IPUIPlugin
2024-04-04 14:01:11,134 [INFO] PluginManager:220 - loadIPPluginJar : add i2s
2024-04-04 14:01:11,215 [INFO] IPUIPlugin:80 - create IPUIPlugin
2024-04-04 14:01:11,215 [INFO] PluginManager:220 - loadIPPluginJar : add i3c
2024-04-04 14:01:11,352 [INFO] IPUIPlugin:80 - create IPUIPlugin
2024-04-04 14:01:11,352 [INFO] PluginManager:220 - loadIPPluginJar : add ipddr
2024-04-04 14:01:11,520 [INFO] IPUIPlugin:80 - create IPUIPlugin
2024-04-04 14:01:11,520 [INFO] PluginManager:220 - loadIPPluginJar : add linkedlist
2024-04-04 14:01:11,580 [INFO] IPUIPlugin:80 - create IPUIPlugin
2024-04-04 14:01:11,580 [INFO] PluginManager:220 - loadIPPluginJar : add lorawan
2024-04-04 14:01:11,653 [INFO] IPUIPlugin:80 - create IPUIPlugin
2024-04-04 14:01:11,653 [INFO] PluginManager:220 - loadIPPluginJar : add ltdc
2024-04-04 14:01:11,672 [INFO] IPUIPlugin:80 - create IPUIPlugin
2024-04-04 14:01:11,672 [INFO] PluginManager:220 - loadIPPluginJar : add mdma
2024-04-04 14:01:11,678 [INFO] ThirdPartyUpdaterWithRetryManager:70 - Updater plugin not ready yet. [2/15]
2024-04-04 14:01:11,687 [INFO] IPUIPlugin:80 - create IPUIPlugin
2024-04-04 14:01:11,687 [INFO] PluginManager:220 - loadIPPluginJar : add nvic
2024-04-04 14:01:11,738 [INFO] IPUIPlugin:80 - create IPUIPlugin
2024-04-04 14:01:11,738 [INFO] PluginManager:220 - loadIPPluginJar : add opamp
2024-04-04 14:01:11,848 [INFO] IPUIPlugin:80 - create IPUIPlugin
2024-04-04 14:01:11,848 [INFO] PluginManager:220 - loadIPPluginJar : add openamp
2024-04-04 14:01:11,912 [INFO] IPUIPlugin:80 - create IPUIPlugin
2024-04-04 14:01:11,912 [INFO] PluginManager:220 - loadIPPluginJar : add pdm2pcm
2024-04-04 14:01:11,934 [INFO] IPUIPlugin:80 - create IPUIPlugin
2024-04-04 14:01:11,937 [INFO] PluginManager:220 - loadIPPluginJar : add plateformsettings
2024-04-04 14:01:11,970 [INFO] IPUIPlugin:80 - create IPUIPlugin
2024-04-04 14:01:11,970 [INFO] PluginManager:220 - loadIPPluginJar : add quadspi
2024-04-04 14:01:11,988 [INFO] IPUIPlugin:80 - create IPUIPlugin
2024-04-04 14:01:11,988 [INFO] PluginManager:220 - loadIPPluginJar : add resmgrutility
2024-04-04 14:01:12,067 [INFO] IPUIPlugin:80 - create IPUIPlugin
2024-04-04 14:01:12,067 [INFO] PluginManager:220 - loadIPPluginJar : add sai
2024-04-04 14:01:12,140 [INFO] IPUIPlugin:80 - create IPUIPlugin
2024-04-04 14:01:12,141 [INFO] PluginManager:220 - loadIPPluginJar : add spi
2024-04-04 14:01:12,273 [INFO] IPUIPlugin:80 - create IPUIPlugin
2024-04-04 14:01:12,275 [INFO] PluginManager:220 - loadIPPluginJar : add stm32_wpan
2024-04-04 14:01:12,318 [INFO] IPUIPlugin:80 - create IPUIPlugin
2024-04-04 14:01:12,318 [INFO] PluginManager:220 - loadIPPluginJar : add tim
2024-04-04 14:01:12,425 [INFO] IPUIPlugin:80 - create IPUIPlugin
2024-04-04 14:01:12,425 [INFO] PluginManager:220 - loadIPPluginJar : add touchsensing
2024-04-04 14:01:12,450 [INFO] IPUIPlugin:80 - create IPUIPlugin
2024-04-04 14:01:12,450 [INFO] PluginManager:220 - loadIPPluginJar : add tracer_emb
2024-04-04 14:01:12,492 [INFO] IPUIPlugin:80 - create IPUIPlugin
2024-04-04 14:01:12,493 [INFO] PluginManager:220 - loadIPPluginJar : add ts
2024-04-04 14:01:12,539 [INFO] IPUIPlugin:80 - create IPUIPlugin
2024-04-04 14:01:12,540 [INFO] PluginManager:220 - loadIPPluginJar : add tsc
2024-04-04 14:01:12,590 [INFO] IPUIPlugin:80 - create IPUIPlugin
2024-04-04 14:01:12,590 [INFO] PluginManager:220 - loadIPPluginJar : add ucpd
2024-04-04 14:01:12,682 [INFO] IPUIPlugin:80 - create IPUIPlugin
2024-04-04 14:01:12,682 [INFO] PluginManager:220 - loadIPPluginJar : add usart
2024-04-04 14:01:12,770 [INFO] IPUIPlugin:80 - create IPUIPlugin
2024-04-04 14:01:12,771 [INFO] PluginManager:220 - loadIPPluginJar : add usbx
2024-04-04 14:01:12,954 [INFO] CADModel:165 - CPN selected for project level
2024-04-04 14:01:12,954 [INFO] CADModel:114 - Register for checkConnection events
2024-04-04 14:01:12,954 [FATAL] Updater:308 - Updater called before beeing initialized
2024-04-04 14:01:12,954 [ERROR] CADModel:125 - Updater not yet initialized, retry later 
2024-04-04 14:01:13,236 [INFO] CADModel:165 - CPN selected for project level
2024-04-04 14:01:13,236 [INFO] CADModel:114 - Register for checkConnection events
2024-04-04 14:01:13,236 [FATAL] Updater:308 - Updater called before beeing initialized
2024-04-04 14:01:13,236 [ERROR] CADModel:125 - Updater not yet initialized, retry later 
2024-04-04 14:01:13,241 [FATAL] Updater:308 - Updater called before beeing initialized
2024-04-04 14:01:13,451 [FATAL] Updater:308 - Updater called before beeing initialized
2024-04-04 14:01:13,466 [INFO] DbMcusAds:53 - JSON generation date=Wed Nov 29 11:52:27 CET 2023 (1701255147349)
2024-04-04 14:01:13,466 [FATAL] Updater:308 - Updater called before beeing initialized
2024-04-04 14:01:13,596 [WARN] DetailPanel:346 - Failed to get advertising image, set to default
2024-04-04 14:01:13,764 [FATAL] Updater:308 - Updater called before beeing initialized
2024-04-04 14:01:13,767 [FATAL] Updater:308 - Updater called before beeing initialized
2024-04-04 14:01:13,767 [FATAL] Updater:308 - Updater called before beeing initialized
2024-04-04 14:01:13,767 [WARN] DetailPanel:346 - Failed to get advertising image, set to default
2024-04-04 14:01:13,768 [FATAL] Updater:308 - Updater called before beeing initialized
2024-04-04 14:01:13,844 [ERROR] Updater:1120 - MainUpdater not yet initialized. External WinMGr cannot be set.
2024-04-04 14:01:13,859 [INFO] Updater:1056 - Updater Version found : 6.11.0
2024-04-04 14:01:13,889 [INFO] ApplicationProperties:184 - Using Application install path: C:\ST\STM32CubeIDE_1.14.1\STM32CubeIDE\plugins\com.st.stm32cube.common.mx_6.11.0.202403141607
2024-04-04 14:01:14,680 [INFO] ThirdPartyUpdaterWithRetryManager:70 - Updater plugin not ready yet. [3/15]
2024-04-04 14:01:15,387 [INFO] MainUpdater:2873 - connection check result : 10
2024-04-04 14:01:15,388 [INFO] MainUpdater:290 - Updater Check For Update Now.
2024-04-04 14:01:15,388 [INFO] MicroXplorer:498 - Change Database Version : DB.6.0.110
2024-04-04 14:01:15,405 [INFO] McuFinderGlobals:63 - Set McuFinder mode to 2 (CubeIDE integrated)
2024-04-04 14:01:15,421 [INFO] UserAuth:415 - Internet connection configuration mode: 1
2024-04-04 14:01:15,454 [INFO] JxBrowserEngine:152 - Initiate JxBrowser Engine with user profile folder
2024-04-04 14:01:15,638 [INFO] CheckServerUpdateThread:120 - End of CheckServer Thread
2024-04-04 14:01:17,972 [WARN] PackLoader:240 - Cannot read IP mode file for STMicroelectronics.X-CUBE-SMBUS.2.1.0
2024-04-04 14:01:17,993 [WARN] PackLoader:240 - Cannot read IP mode file for STMicroelectronics.X-CUBE-TOUCHGFX.4.23.0
2024-04-04 14:01:18,042 [WARN] PackLoader:240 - Cannot read IP mode file for STMicroelectronics.X-CUBE-AZRTOS-F7.1.1.0
2024-04-04 14:01:18,077 [WARN] PackLoader:240 - Cannot read IP mode file for STMicroelectronics.FP-SNS-MOTENV1.4.3.2
2024-04-04 14:01:18,095 [WARN] PackLoader:240 - Cannot read IP mode file for STMicroelectronics.FP-SNS-FLIGHT1.5.0.2
2024-04-04 14:01:18,115 [WARN] PackLoader:240 - Cannot read IP mode file for STMicroelectronics.X-CUBE-DISPLAY.3.0.0
2024-04-04 14:01:18,144 [WARN] PackLoader:240 - Cannot read IP mode file for STMicroelectronics.X-CUBE-BLE1.7.0.0
2024-04-04 14:01:18,164 [WARN] PackLoader:240 - Cannot read IP mode file for emotas.I-CUBE-CANOPEN.1.3.0
2024-04-04 14:01:18,193 [WARN] PackLoader:240 - Cannot read IP mode file for STMicroelectronics.X-CUBE-BLEMGR.3.1.0
2024-04-04 14:01:18,223 [WARN] PackLoader:240 - Cannot read IP mode file for STMicroelectronics.FP-SNS-SMARTAG2.1.2.0
2024-04-04 14:01:18,263 [INFO] LogOutputStream:77 - [STDOUT_REDIRECT] 1 : Invalid condition id : UX_CORESTACK_Condition cause : null
2024-04-04 14:01:18,264 [INFO] LogOutputStream:77 - [STDOUT_REDIRECT] 1 : Invalid condition id : UX_CORESTACK_Condition cause : null
2024-04-04 14:01:18,266 [INFO] LogOutputStream:77 - [STDOUT_REDIRECT] 1 : Invalid condition id : UX_CORESTACK_Condition cause : null
2024-04-04 14:01:18,267 [INFO] LogOutputStream:77 - [STDOUT_REDIRECT] 1 : Invalid condition id : UX_CORESTACK_Condition cause : null
2024-04-04 14:01:18,268 [INFO] LogOutputStream:77 - [STDOUT_REDIRECT] 1 : Invalid condition id : UX_CORESTACK_Condition cause : null
2024-04-04 14:01:18,273 [WARN] PackLoader:240 - Cannot read IP mode file for STMicroelectronics.X-CUBE-AZRTOS-WL.2.0.0
2024-04-04 14:01:18,295 [WARN] PackLoader:240 - Cannot read IP mode file for WES.I-CUBE-Cesium.1.3.0
2024-04-04 14:01:18,319 [WARN] PackLoader:240 - Cannot read IP mode file for STMicroelectronics.X-CUBE-BLE2.3.3.0
2024-04-04 14:01:18,346 [WARN] PackLoader:240 - Cannot read IP mode file for STMicroelectronics.X-CUBE-ALGOBUILD.1.3.0
2024-04-04 14:01:18,385 [WARN] PackLoader:240 - Cannot read IP mode file for STMicroelectronics.X-CUBE-AZRTOS-G0.1.1.0
2024-04-04 14:01:18,419 [WARN] PackLoader:240 - Cannot read IP mode file for STMicroelectronics.X-CUBE-NFC4.3.0.0
2024-04-04 14:01:18,450 [WARN] PackLoader:240 - Cannot read IP mode file for STMicroelectronics.FP-ATR-SIGFOX1.3.2.0
2024-04-04 14:01:18,491 [WARN] PackLoader:240 - Cannot read IP mode file for STMicroelectronics.X-CUBE-EEPRMA1.5.1.0
2024-04-04 14:01:18,575 [WARN] PackLoader:240 - Cannot read IP mode file for SEGGER.I-CUBE-embOS.1.3.1
2024-04-04 14:01:18,649 [WARN] PackLoader:240 - Cannot read IP mode file for STMicroelectronics.X-CUBE-GNSS1.6.0.0
2024-04-04 14:01:18,691 [WARN] PackLoader:240 - Cannot read IP mode file for STMicroelectronics.X-CUBE-AZRTOS-F4.1.1.0
2024-04-04 14:01:18,711 [WARN] PackLoader:240 - Cannot read IP mode file for wolfSSL.I-CUBE-wolfSSL.5.6.6
2024-04-04 14:01:18,742 [WARN] PackLoader:240 - Cannot read IP mode file for STMicroelectronics.X-CUBE-AZRTOS-L5.2.0.0
2024-04-04 14:01:18,761 [WARN] PackLoader:240 - Cannot read IP mode file for STMicroelectronics.X-CUBE-NFC6.3.1.0
2024-04-04 14:01:18,778 [WARN] PackLoader:240 - Cannot read IP mode file for ITTIA_DB.I-CUBE-ITTIADB.8.8.0
2024-04-04 14:01:18,795 [WARN] PackLoader:240 - Cannot read IP mode file for STMicroelectronics.X-CUBE-NFC7.1.0.1
2024-04-04 14:01:18,814 [WARN] PackLoader:240 - Cannot read IP mode file for STMicroelectronics.X-CUBE-NFC6.3.0.0
2024-04-04 14:01:18,843 [WARN] PackLoader:240 - Cannot read IP mode file for STMicroelectronics.X-CUBE-AI.8.1.0
2024-04-04 14:01:18,893 [WARN] ConditionMgr:438 - getConditionDescription Invalid condition id : LAN8742 Phy interface Condition cause : null
2024-04-04 14:01:18,894 [WARN] PackLoader:240 - Cannot read IP mode file for STMicroelectronics.X-CUBE-AZRTOS-L4.2.0.0
2024-04-04 14:01:18,896 [WARN] ConditionMgr:1039 - genDependencies : Invalid condition id : LAN8742 Phy interface Condition cause : null
2024-04-04 14:01:18,897 [WARN] ConditionMgr:1039 - genDependencies : Invalid condition id : LAN8742 Phy interface Condition cause : null
2024-04-04 14:01:18,898 [WARN] ConditionMgr:1039 - genDependencies : Invalid condition id : LAN8742 Phy interface Condition cause : null
2024-04-04 14:01:18,928 [WARN] PackLoader:240 - Cannot read IP mode file for STMicroelectronics.X-CUBE-SFXS2LP1.4.0.0
2024-04-04 14:01:18,965 [WARN] ConditionMgr:438 - getConditionDescription Invalid condition id : UX DEVICE CLASS RTOS Condition cause : null
2024-04-04 14:01:18,966 [WARN] ConditionMgr:438 - getConditionDescription Invalid condition id : UX DEVICE CLASS RTOS Condition cause : null
2024-04-04 14:01:18,968 [WARN] PackLoader:240 - Cannot read IP mode file for STMicroelectronics.X-CUBE-AZRTOS-WB.2.0.0
2024-04-04 14:01:18,969 [WARN] ConditionMgr:1039 - genDependencies : Invalid condition id : UX DEVICE CLASS RTOS Condition cause : null
2024-04-04 14:01:18,969 [WARN] ConditionMgr:1039 - genDependencies : Invalid condition id : UX DEVICE CLASS RTOS Condition cause : null
2024-04-04 14:01:18,969 [WARN] ConditionMgr:1039 - genDependencies : Invalid condition id : UX DEVICE CLASS RTOS Condition cause : null
2024-04-04 14:01:18,970 [WARN] ConditionMgr:1039 - genDependencies : Invalid condition id : UX DEVICE CLASS RTOS Condition cause : null
2024-04-04 14:01:18,970 [WARN] ConditionMgr:1039 - genDependencies : Invalid condition id : UX DEVICE CLASS RTOS Condition cause : null
2024-04-04 14:01:19,002 [WARN] PackLoader:240 - Cannot read IP mode file for STMicroelectronics.X-CUBE-SUBG2.5.0.0
2024-04-04 14:01:19,055 [WARN] PackLoader:240 - Cannot read IP mode file for STMicroelectronics.X-CUBE-AZRTOS-G4.2.0.0
2024-04-04 14:01:19,085 [WARN] PackLoader:240 - Cannot read IP mode file for Infineon.AIROC-Wi-Fi-Bluetooth-STM32.1.5.1
2024-04-04 14:01:19,111 [WARN] PackLoader:240 - Cannot read IP mode file for STMicroelectronics.FP-SNS-MOTENVWB1.1.3.1
2024-04-04 14:01:19,128 [WARN] PackLoader:240 - Cannot read IP mode file for STMicroelectronics.X-CUBE-ISPU.2.0.0
2024-04-04 14:01:19,184 [WARN] PackLoader:240 - Cannot read IP mode file for STMicroelectronics.X-CUBE-MEMS1.10.0.0
2024-04-04 14:01:19,420 [WARN] PackLoader:240 - Cannot read IP mode file for STMicroelectronics.X-CUBE-FREERTOS.1.1.0
2024-04-04 14:01:19,441 [WARN] PackLoader:240 - Cannot read IP mode file for portGmbH.I-Cube-SoM-uGOAL.1.1.0
2024-04-04 14:01:19,456 [WARN] PackLoader:240 - Cannot read IP mode file for STMicroelectronics.X-CUBE-ALS.1.0.1
2024-04-04 14:01:19,473 [WARN] PackLoader:240 - Cannot read IP mode file for STMicroelectronics.FP-ATR-ASTRA1.2.0.0
2024-04-04 14:01:19,503 [WARN] PackLoader:240 - Cannot read IP mode file for STMicroelectronics.X-CUBE-TOF1.3.4.1
2024-04-04 14:01:19,559 [WARN] PackLoader:240 - Cannot read IP mode file for STMicroelectronics.X-CUBE-AZRTOS-H7.3.2.0
2024-04-04 14:01:19,567 [INFO] ThirdParty:978 - Integrity check success = true
2024-04-04 14:01:19,567 [INFO] IntegrityCheckThread:100 - exiting critical section [integrity check]
2024-04-04 14:01:19,567 [INFO] IntegrityCheckThread:103 - End integrity checks thread
2024-04-04 14:01:23,163 [INFO] WebApp:161 - Instantiating new browser for Auth
2024-04-04 14:01:24,300 [INFO] WebApp:779 - Register for checkConnection events
2024-04-04 14:01:24,301 [INFO] WebApp:414 - Apply proxy settings
2024-04-04 14:01:24,301 [INFO] WebApp:499 - Chromium requires no authentication
2024-04-04 14:01:24,353 [INFO] WebApp:442 - Direct internet connection detected
2024-04-04 14:01:24,734 [INFO] WebApp:192 - Starting web application
2024-04-04 14:01:24,734 [INFO] WebApp:544 - Web application path used C:\ST\STM32CubeIDE_1.14.1\STM32CubeIDE\plugins\com.st.stm32cube.common.mx_6.11.0.202403141607\db\plugins\mcufinder\reactClient1\index.html
