2024-03-15 09:01:48,708 [INFO] CADModel:198 - CPN selected (Project mode): STM32F746NGH6
2024-03-15 09:01:48,592 [INFO] WebAppUi:1056 - Web application message: Reloading CAD
2024-03-15 09:01:48,772 [INFO] WebAppUi:1056 - Web application message: [UlApiManager component] Connecting to SSO
2024-03-15 09:01:48,772 [INFO] WebAppUi:1056 - Web application message: Reloading CAD
2024-03-15 09:01:48,780 [INFO] CADModel:200 - Internet connection configuration mode: 1
2024-03-15 09:01:48,780 [INFO] CADModel:203 - rpn retrievedSTM32F746NG
2024-03-15 09:01:48,789 [INFO] WebAppUi:613 - RPN selected STM32F746NG
2024-03-15 09:01:48,789 [INFO] WebAppUi:614 - RefName selected STM32F746NGHx
2024-03-15 09:01:48,790 [INFO] WebAppUi:615 - CPN selected STM32F746NGH6
2024-03-15 09:01:48,811 [INFO] WebAppUi:778 - Which Bigleton in use 2 and which CPN is about STM32F746NGH6
2024-03-15 09:01:48,818 [INFO] WebAppUi:652 - Have injected Javascript into web application
2024-03-15 09:01:48,818 [INFO] WebAppUiContainer:153 - Web application run mode: Project CPN: STM32F746NGH6
2024-03-15 09:01:48,830 [WARN] CADModel:210 - No chromium set, cannot inject java data in window object 
2024-03-15 09:01:48,851 [INFO] WebAppUi:1056 - Web application message: [UlApiManager component] Connecting to SSO
2024-03-15 09:01:50,335 [INFO] WebAppUi:1056 - Web application message: SSO unavailable because of TypeError: Failed to fetch
2024-03-15 09:01:50,486 [INFO] WebAppUi:1056 - Web application message: [UlApiManager component] Connected to Ultra Librarian SSO
2024-03-15 09:01:50,504 [INFO] WebAppUi:1056 - Web application message: [UlApiManager component] Connected to Ultra Librarian API
2024-03-15 09:01:52,056 [INFO] WebAppUi:1056 - Web application message: Token has expired
2024-03-15 09:01:52,061 [INFO] WebAppUi:1056 - Web application message: [UlApiManager component] Connecting to SSO
2024-03-15 09:01:52,833 [INFO] WebAppUi:1056 - Web application message: cannot set footprint previews state Error: Network Error
2024-03-15 09:01:52,834 [INFO] WebAppUi:1056 - Web application message: cannot set symbol previews state Error: Network Error
2024-03-15 09:01:52,836 [INFO] WebAppUi:1056 - Web application message: SSO unavailable because of TypeError: Failed to fetch
2024-03-15 09:01:52,838 [INFO] WebAppUi:1056 - Web application message: [UlApiManager component] Connecting to SSO
2024-03-15 09:01:54,531 [INFO] WebAppUi:1056 - Web application message: [UlApiManager component] Connected to Ultra Librarian SSO
2024-03-15 09:01:55,403 [INFO] WebAppUi:887 - Path where api_config.json is located C:\Users\asus\.stmcufinder\plugins\mcufinder//mcu/api_config.json
2024-03-15 09:01:55,403 [INFO] WebAppUi:888 - Setting api config in window object
2024-03-15 09:01:55,494 [INFO] WebAppUi:896 - Path where cad_preferences.json is located C:\Users\asus/.stm32cubeide/
2024-03-15 09:01:55,494 [INFO] WebAppUi:897 - Setting consent info in window object
2024-03-15 09:01:55,923 [INFO] WebAppUi:1056 - Web application message: THREE.WebGLRenderer 101
2024-03-15 09:08:48,356 [INFO] MainUpdater:2873 - connection check result : 10
2024-03-15 09:08:48,508 [INFO] McuFinderGlobals:76 - Set McuFinderConnectedMode to true
2024-03-15 09:08:48,523 [INFO] MultiScanPanel:200 - Auto-refresh data requested => check proxy status ongoing
2024-03-15 09:08:48,524 [INFO] FinderPluginLoader:95 - Searching for filters in installed packs
2024-03-15 09:08:49,363 [INFO] LoadUrlFilesThread:185 - End of LoadServerUrlFiles without Thread
2024-03-15 09:08:49,363 [INFO] DetailPanel:341 - Set advertising image to C:/Users/asus/STM32Cube/Repository/\en.prom-stm32wl3-mcu-finder.jpg
2024-03-15 09:16:49,643 [INFO] MultiScanPanel:200 - Auto-refresh data requested => check proxy status ongoing
2024-03-15 09:16:49,690 [INFO] LoadUrlFilesThread:185 - End of LoadServerUrlFiles without Thread
2024-03-15 09:16:49,690 [INFO] DetailPanel:341 - Set advertising image to C:/Users/asus/STM32Cube/Repository/\en.prom-stm32wl3-mcu-finder.jpg
2024-03-15 09:17:05,142 [INFO] MetaSearchPanel:254 - search for filter with key=STM32F7
2024-03-15 09:17:05,142 [INFO] MetaSearchPanel:355 - search for filter component McuSeries
2024-03-15 09:17:05,142 [INFO] MetaSearchPanel:329 - Collapse all filters sections
2024-03-15 09:19:03,414 [INFO] MainUpdater:2873 - connection check result : 10
2024-03-15 09:19:03,414 [INFO] MainUpdater:2873 - connection check result : 10
2024-03-15 09:19:09,045 [INFO] MicroXplorer:468 - Change Database Path : 
2024-03-15 09:19:09,045 [INFO] MicroXplorer:498 - Change Database Version : DB.6.0.100
2024-03-15 09:19:09,078 [ERROR] ProjectManagerView:394 - 
java.lang.NullPointerException: Cannot invoke "javax.swing.JTextField.getText()" because the return value of "java.util.List.get(int)" is null
	at com.st.microxplorer.plugins.projectmanager.gui.ProjectChoiceTab$10.caretUpdate(ProjectChoiceTab.java:2493) ~[filemanager.jar:?]
	at javax.swing.text.JTextComponent.fireCaretUpdate(JTextComponent.java:412) ~[?:?]
	at javax.swing.text.JTextComponent$MutableCaretEvent.fire(JTextComponent.java:4491) ~[?:?]
	at javax.swing.text.JTextComponent$MutableCaretEvent.stateChanged(JTextComponent.java:4513) ~[?:?]
	at javax.swing.text.DefaultCaret.fireStateChanged(DefaultCaret.java:842) ~[?:?]
	at javax.swing.text.DefaultCaret.changeCaretPosition(DefaultCaret.java:1313) ~[?:?]
	at javax.swing.text.DefaultCaret.handleSetDot(DefaultCaret.java:1212) ~[?:?]
	at javax.swing.text.DefaultCaret.setDot(DefaultCaret.java:1193) ~[?:?]
	at javax.swing.text.DefaultCaret$Handler.insertUpdate(DefaultCaret.java:1789) ~[?:?]
	at javax.swing.text.AbstractDocument.fireInsertUpdate(AbstractDocument.java:226) ~[?:?]
	at javax.swing.text.AbstractDocument.handleInsertString(AbstractDocument.java:780) ~[?:?]
	at javax.swing.text.AbstractDocument.insertString(AbstractDocument.java:739) ~[?:?]
	at javax.swing.text.PlainDocument.insertString(PlainDocument.java:131) ~[?:?]
	at javax.swing.text.AbstractDocument.replace(AbstractDocument.java:698) ~[?:?]
	at javax.swing.text.JTextComponent.setText(JTextComponent.java:1729) ~[?:?]
	at com.st.microxplorer.plugins.projectmanager.gui.ProjectChoiceTab.createHeapStackFields(ProjectChoiceTab.java:933) ~[filemanager.jar:?]
	at com.st.microxplorer.plugins.projectmanager.gui.ProjectChoiceTab.buildLinkSettingsPanel(ProjectChoiceTab.java:3426) ~[filemanager.jar:?]
	at com.st.microxplorer.plugins.projectmanager.gui.ProjectChoiceTab.defineWindowsFields(ProjectChoiceTab.java:1813) ~[filemanager.jar:?]
	at com.st.microxplorer.plugins.projectmanager.gui.ProjectChoiceTab.updateSettings(ProjectChoiceTab.java:533) ~[filemanager.jar:?]
	at com.st.microxplorer.plugins.projectmanager.gui.ProjectSettingsPanel.UpdateDialog(ProjectSettingsPanel.java:244) ~[filemanager.jar:?]
	at com.st.microxplorer.plugins.projectmanager.ProjectManagerView.propertyChange(ProjectManagerView.java:391) ~[filemanager.jar:?]
	at java.beans.PropertyChangeSupport.fire(PropertyChangeSupport.java:343) ~[?:?]
	at java.beans.PropertyChangeSupport.firePropertyChange(PropertyChangeSupport.java:335) ~[?:?]
	at java.beans.PropertyChangeSupport.firePropertyChange(PropertyChangeSupport.java:268) ~[?:?]
	at com.st.microxplorer.util.MXPropertyChangeSupport.firePropertyChange(MXPropertyChangeSupport.java:54) ~[STM32CubeMX.jar:?]
	at com.st.microxplorer.mxsystem.MxSystem.closeConfig(MxSystem.java:900) ~[STM32CubeMX.jar:?]
	at com.st.microxplorer.maingui.MainPanel.closeConfig(MainPanel.java:776) ~[STM32CubeMX.jar:?]
	at com.st.microxplorer.plugins.filemanager.engine.OpenFileManager.loadConfigurationFile(OpenFileManager.java:245) ~[filemanager.jar:?]
	at com.st.microxplorer.plugins.filemanager.engine.MainFileManager.userLoadConfig(MainFileManager.java:290) ~[filemanager.jar:?]
	at com.st.microxplorer.plugins.filemanager.FileManagerView.getSpecificTask(FileManagerView.java:247) ~[filemanager.jar:?]
	at com.st.stm32cube.common.mx.editor.CubeMxEditor.getMxTabbedPaneInstance(CubeMxEditor.java:1184) ~[com.st.stm32cube.common.mx_6.10.0.202311202037/:?]
	at com.st.stm32cube.common.mx.editor.CubeMxEditor$12$1.createSwingComponent(CubeMxEditor.java:1065) ~[com.st.stm32cube.common.mx_6.10.0.202311202037/:?]
	at com.st.stm32cube.common.mx.oss.core.awtswtbridge.EmbeddedSwingComposite.doComponentCreation(EmbeddedSwingComposite.java:492) ~[com.st.stm32cube.common.mx.oss_6.10.0.202311202037/:?]
	at com.st.stm32cube.common.mx.oss.core.awtswtbridge.EmbeddedSwingComposite$4.run(EmbeddedSwingComposite.java:291) ~[com.st.stm32cube.common.mx.oss_6.10.0.202311202037/:?]
	at com.st.stm32cube.common.mx.oss.core.awtswtbridge.AwtEnvironment$2.run(AwtEnvironment.java:166) ~[com.st.stm32cube.common.mx.oss_6.10.0.202311202037/:?]
	at java.awt.event.InvocationEvent.dispatch(InvocationEvent.java:318) ~[?:?]
	at java.awt.EventQueue.dispatchEventImpl(EventQueue.java:773) ~[?:?]
	at java.awt.EventQueue$4.run(EventQueue.java:720) ~[?:?]
	at java.awt.EventQueue$4.run(EventQueue.java:714) ~[?:?]
	at java.security.AccessController.doPrivileged(AccessController.java:399) ~[?:?]
	at java.security.ProtectionDomain$JavaSecurityAccessImpl.doIntersectionPrivilege(ProtectionDomain.java:86) ~[?:?]
	at java.awt.EventQueue.dispatchEvent(EventQueue.java:742) ~[?:?]
	at java.awt.EventDispatchThread.pumpOneEventForFilters(EventDispatchThread.java:203) ~[?:?]
	at java.awt.EventDispatchThread.pumpEventsForFilter(EventDispatchThread.java:124) ~[?:?]
	at java.awt.EventDispatchThread.pumpEventsForHierarchy(EventDispatchThread.java:113) ~[?:?]
	at java.awt.EventDispatchThread.pumpEvents(EventDispatchThread.java:109) ~[?:?]
	at java.awt.EventDispatchThread.pumpEvents(EventDispatchThread.java:101) ~[?:?]
	at java.awt.EventDispatchThread.run(EventDispatchThread.java:90) ~[?:?]
2024-03-15 09:19:09,079 [WARN] ThirdParty:871 - waiting for thirdparty lock release [close project]
2024-03-15 09:19:09,079 [INFO] ThirdParty:873 - entering critical section [close project]
2024-03-15 09:19:09,079 [INFO] ThirdParty:883 - exiting critical section [close project]
2024-03-15 09:19:09,079 [INFO] PinOutPanel:1499 - setPackage(No Configuration,No Configuration)
2024-03-15 09:19:09,096 [WARN] IpParametersView:151 - Warning: This peripheral hasn't parameters
2024-03-15 09:19:09,096 [WARN] MainPanel:272 - <html><b><center>Warning: This peripheral has no parameters to be configured<br></b></html>
2024-03-15 09:19:09,096 [INFO] UtilMem:75 - Begin LoadConfig() Used Memory: 652082784 Bytes (947912704)
2024-03-15 09:19:09,096 [INFO] MicroXplorer:468 - Change Database Path : 
2024-03-15 09:19:09,110 [INFO] MicroXplorer:498 - Change Database Version : DB.6.0.100
2024-03-15 09:19:09,110 [INFO] OpenFileManager:312 - Change cursor
2024-03-15 09:19:09,144 [INFO] RulesReader:64 - Compatibility file has been processed (297 Rules)
2024-03-15 09:19:09,167 [INFO] Mcu:2016 - Initializing MCU STM32F746NGHx STM32F746NGHx STM32F746NGH6
2024-03-15 09:19:11,554 [INFO] Context:659 - Trying to add GPIOservice into a context  which must be forbidden
2024-03-15 09:19:11,923 [INFO] ImportTextPane:194 - (OptionalMessage_ERROR) Unable to find key (Mcu.ThirdPartyNb) in loaded IOC file
2024-03-15 09:19:11,923 [INFO] ImportTextPane:194 - (OptionalMessage_ERROR) Unable to find key (Mcu.PinsNb) in loaded IOC file
2024-03-15 09:19:11,923 [INFO] ImportTextPane:194 - (OptionalMessage_ERROR) Unable to find key (Mcu.IPNb) in loaded IOC file
2024-03-15 09:19:11,951 [INFO] RtosManager:555 - Registered RTOS mode: class=CMSIS, group=RTOS, mode=CMSIS_V1, owner=FREERTOS
2024-03-15 09:19:11,951 [INFO] RtosManager:555 - Registered RTOS mode: class=CMSIS, group=RTOS2, mode=CMSIS_V2, owner=FREERTOS
2024-03-15 09:19:11,951 [INFO] RtosManager:555 - Registered RTOS mode: class=RTOS, group=Core, mode=CMSIS_V1, owner=FREERTOS
2024-03-15 09:19:11,951 [INFO] RtosManager:555 - Registered RTOS mode: class=RTOS, group=Core, mode=CMSIS_V2, owner=FREERTOS
2024-03-15 09:19:11,952 [WARN] ModelIntegratedComponent:184 - Missing modes for component STMicroelectronics:FreeRTOS:0.0.1:STMicroelectronics:RTOS:FreeRTOS:Core:::10.2.0:
2024-03-15 09:19:11,955 [WARN] ModelIntegratedComponent:63 - No mode defined for component null
2024-03-15 09:19:11,955 [WARN] ModelIntegratedComponent:63 - No mode defined for component null
2024-03-15 09:19:11,955 [WARN] ModelIntegratedComponent:63 - No mode defined for component null
2024-03-15 09:19:11,955 [WARN] ModelIntegratedComponent:63 - No mode defined for component null
2024-03-15 09:19:11,955 [WARN] ModelIntegratedComponent:63 - No mode defined for component null
2024-03-15 09:19:11,955 [WARN] ModelIntegratedComponent:63 - No mode defined for component null
2024-03-15 09:19:11,955 [WARN] ModelIntegratedComponent:63 - No mode defined for component null
2024-03-15 09:19:11,955 [WARN] ModelIntegratedComponent:63 - No mode defined for component null
2024-03-15 09:19:11,955 [WARN] ModelIntegratedComponent:63 - No mode defined for component null
2024-03-15 09:19:11,955 [WARN] ModelIntegratedComponent:63 - No mode defined for component null
2024-03-15 09:19:11,955 [WARN] ModelIntegratedComponent:63 - No mode defined for component null
2024-03-15 09:19:11,955 [WARN] ModelIntegratedComponent:63 - No mode defined for component null
2024-03-15 09:19:11,955 [WARN] ModelIntegratedComponent:63 - No mode defined for component null
2024-03-15 09:19:11,955 [WARN] ModelIntegratedComponent:63 - No mode defined for component null
2024-03-15 09:19:11,955 [WARN] ModelIntegratedComponent:63 - No mode defined for component null
2024-03-15 09:19:11,955 [WARN] ModelIntegratedComponent:63 - No mode defined for component null
2024-03-15 09:19:11,955 [WARN] ModelIntegratedComponent:63 - No mode defined for component null
2024-03-15 09:19:11,955 [WARN] ModelIntegratedComponent:63 - No mode defined for component null
2024-03-15 09:19:11,955 [WARN] ModelIntegratedComponent:63 - No mode defined for component null
2024-03-15 09:19:11,955 [WARN] ModelIntegratedComponent:63 - No mode defined for component null
2024-03-15 09:19:11,955 [WARN] ModelIntegratedComponent:63 - No mode defined for component null
2024-03-15 09:19:11,955 [WARN] ModelIntegratedComponent:63 - No mode defined for component null
2024-03-15 09:19:11,955 [WARN] ModelIntegratedComponent:63 - No mode defined for component null
2024-03-15 09:19:11,955 [WARN] ModelIntegratedComponent:63 - No mode defined for component null
2024-03-15 09:19:11,955 [WARN] ModelIntegratedComponent:63 - No mode defined for component null
2024-03-15 09:19:11,955 [WARN] ModelIntegratedComponent:63 - No mode defined for component null
2024-03-15 09:19:11,955 [WARN] ModelIntegratedComponent:63 - No mode defined for component null
2024-03-15 09:19:11,955 [WARN] ModelIntegratedComponent:63 - No mode defined for component null
2024-03-15 09:19:11,955 [WARN] ModelIntegratedComponent:63 - No mode defined for component null
2024-03-15 09:19:11,955 [WARN] ModelIntegratedComponent:63 - No mode defined for component null
2024-03-15 09:19:11,955 [WARN] ModelIntegratedComponent:63 - No mode defined for component null
2024-03-15 09:19:11,955 [WARN] ModelIntegratedComponent:63 - No mode defined for component null
2024-03-15 09:19:11,955 [WARN] ModelIntegratedComponent:63 - No mode defined for component null
2024-03-15 09:19:11,964 [INFO] ThirdPartyModel:298 - Start build external matchings
2024-03-15 09:19:12,003 [INFO] ThirdPartyModel:316 - End build external matchings
2024-03-15 09:19:12,386 [INFO] UtilMem:75 - End LoadConfig() Used Memory: 574066736 Bytes (959447040)
2024-03-15 09:19:12,406 [INFO] MicroXplorer:468 - Change Database Path : 
2024-03-15 09:19:12,407 [INFO] MicroXplorer:498 - Change Database Version : DB.6.0.100
2024-03-15 09:19:12,407 [WARN] ThirdParty:833 - waiting for thirdparty lock release [change project]
2024-03-15 09:19:12,407 [INFO] ThirdParty:835 - entering critical section [change project]
2024-03-15 09:19:12,407 [INFO] ThirdParty:1030 - CMSIS Pack Vendor :STMicroelectronics USBPD 4.1
2024-03-15 09:19:12,407 [INFO] ThirdParty:1030 - CMSIS Pack Vendor :STMicroelectronics X-CUBE-GNSS1 6.0.0
2024-03-15 09:19:12,407 [INFO] ThirdParty:1030 - CMSIS Pack Vendor :STMicroelectronics USB_HOST 2.0.0
2024-03-15 09:19:12,407 [INFO] ThirdParty:1030 - CMSIS Pack Vendor :STMicroelectronics X-CUBE-AZRTOS-F4 1.1.0
2024-03-15 09:19:12,407 [INFO] ThirdParty:1030 - CMSIS Pack Vendor :STMicroelectronics LIBJPEG 8.0.0
2024-03-15 09:19:12,407 [INFO] ThirdParty:1030 - CMSIS Pack Vendor :STMicroelectronics X-CUBE-SMBUS 2.1.0
2024-03-15 09:19:12,407 [INFO] ThirdParty:1030 - CMSIS Pack Vendor :STMicroelectronics USB_DEVICE 3.0.0
2024-03-15 09:19:12,407 [INFO] ThirdParty:1030 - CMSIS Pack Vendor :STMicroelectronics X-CUBE-AZRTOS-WB 2.0.0
2024-03-15 09:19:12,407 [INFO] ThirdParty:1030 - CMSIS Pack Vendor :wolfSSL I-CUBE-wolfSSL 5.6.6
2024-03-15 09:19:12,407 [INFO] ThirdParty:1030 - CMSIS Pack Vendor :STMicroelectronics X-CUBE-TOUCHGFX 4.23.0
2024-03-15 09:19:12,407 [INFO] ThirdParty:1030 - CMSIS Pack Vendor :STMicroelectronics X-CUBE-AZRTOS-F7 1.1.0
2024-03-15 09:19:12,407 [INFO] ThirdParty:1030 - CMSIS Pack Vendor :STMicroelectronics X-CUBE-AZRTOS-L5 2.0.0
2024-03-15 09:19:12,407 [INFO] ThirdParty:1030 - CMSIS Pack Vendor :STMicroelectronics USB_DEVICE 2.0.0
2024-03-15 09:19:12,407 [INFO] ThirdParty:1030 - CMSIS Pack Vendor :ITTIA_DB I-CUBE-ITTIADB 8.8.0
2024-03-15 09:19:12,407 [INFO] ThirdParty:1030 - CMSIS Pack Vendor :STMicroelectronics FP-SNS-MOTENV1 4.3.2
2024-03-15 09:19:12,407 [INFO] ThirdParty:1030 - CMSIS Pack Vendor :STMicroelectronics X-CUBE-ALGOBUILD 1.3.0
2024-03-15 09:19:12,407 [INFO] ThirdParty:1030 - CMSIS Pack Vendor :STMicroelectronics FreeRTOS 0.0.1
2024-03-15 09:19:12,407 [INFO] ThirdParty:1030 - CMSIS Pack Vendor :STMicroelectronics X-CUBE-AZRTOS-G0 1.1.0
2024-03-15 09:19:12,407 [INFO] ThirdParty:1030 - CMSIS Pack Vendor :STMicroelectronics X-CUBE-NFC4 3.0.0
2024-03-15 09:19:12,407 [INFO] ThirdParty:1030 - CMSIS Pack Vendor :STMicroelectronics X-CUBE-SUBG2 5.0.0
2024-03-15 09:19:12,407 [INFO] ThirdParty:1030 - CMSIS Pack Vendor :STMicroelectronics STM32_WPAN 1.0.0
2024-03-15 09:19:12,407 [INFO] ThirdParty:1030 - CMSIS Pack Vendor :STMicroelectronics lwIP 2.0.3
2024-03-15 09:19:12,407 [INFO] ThirdParty:1030 - CMSIS Pack Vendor :STMicroelectronics FP-SNS-FLIGHT1 5.0.2
2024-03-15 09:19:12,407 [INFO] ThirdParty:1030 - CMSIS Pack Vendor :STMicroelectronics USB_HOST 1.0.0
2024-03-15 09:19:12,407 [INFO] ThirdParty:1030 - CMSIS Pack Vendor :STMicroelectronics X-CUBE-AZRTOS-G4 2.0.0
2024-03-15 09:19:12,407 [INFO] ThirdParty:1030 - CMSIS Pack Vendor :STMicroelectronics PDM2PCM 3.1.0
2024-03-15 09:19:12,407 [INFO] ThirdParty:1030 - CMSIS Pack Vendor :Infineon AIROC-Wi-Fi-Bluetooth-STM32 1.5.1
2024-03-15 09:19:12,407 [INFO] ThirdParty:1030 - CMSIS Pack Vendor :STMicroelectronics PDM2PCM 3.3.0
2024-03-15 09:19:12,407 [INFO] ThirdParty:1030 - CMSIS Pack Vendor :STMicroelectronics X-CUBE-DISPLAY 3.0.0
2024-03-15 09:19:12,407 [INFO] ThirdParty:1030 - CMSIS Pack Vendor :STMicroelectronics FP-SNS-MOTENVWB1 1.3.1
2024-03-15 09:19:12,408 [INFO] ThirdParty:1030 - CMSIS Pack Vendor :STMicroelectronics X-CUBE-BLE1 7.0.0
2024-03-15 09:19:12,408 [INFO] ThirdParty:1030 - CMSIS Pack Vendor :STMicroelectronics FP-ATR-SIGFOX1 3.2.0
2024-03-15 09:19:12,408 [INFO] ThirdParty:1030 - CMSIS Pack Vendor :STMicroelectronics HAL Drivers 0.0.0
2024-03-15 09:19:12,408 [INFO] ThirdParty:1030 - CMSIS Pack Vendor :STMicroelectronics MBEDTLS 2.16.2
2024-03-15 09:19:12,408 [INFO] ThirdParty:1030 - CMSIS Pack Vendor :emotas I-CUBE-CANOPEN 1.3.0
2024-03-15 09:19:12,408 [INFO] ThirdParty:1030 - CMSIS Pack Vendor :STMicroelectronics X-CUBE-FREERTOS 1.1.0
2024-03-15 09:19:12,408 [INFO] ThirdParty:1030 - CMSIS Pack Vendor :STMicroelectronics MBEDTLS 2.14.1
2024-03-15 09:19:12,408 [INFO] ThirdParty:1030 - CMSIS Pack Vendor :portGmbH I-Cube-SoM-uGOAL 1.1.0
2024-03-15 09:19:12,408 [INFO] ThirdParty:1030 - CMSIS Pack Vendor :STMicroelectronics X-CUBE-ALS 1.0.1
2024-03-15 09:19:12,408 [INFO] ThirdParty:1030 - CMSIS Pack Vendor :STMicroelectronics ThreadX 1.0.0
2024-03-15 09:19:12,408 [INFO] ThirdParty:1030 - CMSIS Pack Vendor :STMicroelectronics FP-SNS-SMARTAG2 1.2.0
2024-03-15 09:19:12,408 [INFO] ThirdParty:1030 - CMSIS Pack Vendor :STMicroelectronics X-CUBE-AZRTOS-WL 2.0.0
2024-03-15 09:19:12,408 [INFO] ThirdParty:1030 - CMSIS Pack Vendor :SEGGER I-CUBE-embOS 1.3.1
2024-03-15 09:19:12,408 [INFO] ThirdParty:1030 - CMSIS Pack Vendor :STMicroelectronics USB_DEVICE 1.0.0
2024-03-15 09:19:12,408 [INFO] ThirdParty:1030 - CMSIS Pack Vendor :STMicroelectronics X-CUBE-AI 8.1.0
2024-03-15 09:19:12,408 [INFO] ThirdParty:1030 - CMSIS Pack Vendor :STMicroelectronics X-CUBE-AZRTOS-L4 2.0.0
2024-03-15 09:19:12,408 [INFO] ThirdParty:1030 - CMSIS Pack Vendor :STMicroelectronics ThreadX 0.0.2
2024-03-15 09:19:12,408 [INFO] ThirdParty:1030 - CMSIS Pack Vendor :WES I-CUBE-Cesium 1.3.0
2024-03-15 09:19:12,408 [INFO] ThirdParty:1030 - CMSIS Pack Vendor :STMicroelectronics FP-ATR-ASTRA1 2.0.0
2024-03-15 09:19:12,408 [INFO] ThirdParty:1030 - CMSIS Pack Vendor :STMicroelectronics lwIP 2.1.2
2024-03-15 09:19:12,408 [INFO] ThirdParty:1030 - CMSIS Pack Vendor :STMicroelectronics X-CUBE-SFXS2LP1 4.0.0
2024-03-15 09:19:12,408 [INFO] ThirdParty:1030 - CMSIS Pack Vendor :STMicroelectronics X-CUBE-BLE2 3.3.0
2024-03-15 09:19:12,408 [INFO] ThirdParty:1030 - CMSIS Pack Vendor :STMicroelectronics X-CUBE-TOF1 3.4.1
2024-03-15 09:19:12,408 [INFO] ThirdParty:1030 - CMSIS Pack Vendor :STMicroelectronics X-CUBE-AZRTOS-H7 3.2.0
2024-03-15 09:19:12,408 [INFO] ThirdParty:1030 - CMSIS Pack Vendor :STMicroelectronics PDM2PCM 3.2.0
2024-03-15 09:19:12,408 [INFO] ThirdParty:841 - exiting critical section [change project]
2024-03-15 09:19:12,623 [INFO] PinOutPanel:1499 - setPackage(No Configuration,No Configuration)
2024-03-15 09:19:12,625 [INFO] PinOutPanel:1499 - setPackage(STM32F746NGHx,TFBGA216)
2024-03-15 09:19:12,871 [INFO] UtilMem:75 - Before build in PCC Used Memory: 374054480 Bytes (959447040)
2024-03-15 09:19:13,112 [INFO] UtilMem:75 - After build in PCC Used Memory: 385440480 Bytes (959447040)
2024-03-15 09:19:13,136 [INFO] IPUIPlugin:80 - create IPUIPlugin
2024-03-15 09:19:13,136 [INFO] IPUIPlugin:80 - create IPUIPlugin
2024-03-15 09:19:13,136 [INFO] IPUIPlugin:80 - create IPUIPlugin
2024-03-15 09:19:13,136 [INFO] IPUIPlugin:80 - create IPUIPlugin
2024-03-15 09:19:13,136 [INFO] IPUIPlugin:80 - create IPUIPlugin
2024-03-15 09:19:13,136 [INFO] IPUIPlugin:80 - create IPUIPlugin
2024-03-15 09:19:13,136 [INFO] IPUIPlugin:80 - create IPUIPlugin
2024-03-15 09:19:13,136 [INFO] IPUIPlugin:80 - create IPUIPlugin
2024-03-15 09:19:13,136 [INFO] IPUIPlugin:80 - create IPUIPlugin
2024-03-15 09:19:13,136 [INFO] IPUIPlugin:80 - create IPUIPlugin
2024-03-15 09:19:13,136 [INFO] IPUIPlugin:80 - create IPUIPlugin
2024-03-15 09:19:13,136 [INFO] IPUIPlugin:80 - create IPUIPlugin
2024-03-15 09:19:13,136 [INFO] IPUIPlugin:80 - create IPUIPlugin
2024-03-15 09:19:13,136 [INFO] IPUIPlugin:80 - create IPUIPlugin
2024-03-15 09:19:13,136 [INFO] IPUIPlugin:80 - create IPUIPlugin
2024-03-15 09:19:13,137 [INFO] IPUIPlugin:80 - create IPUIPlugin
2024-03-15 09:19:13,137 [INFO] IPUIPlugin:80 - create IPUIPlugin
2024-03-15 09:19:13,137 [INFO] IPUIPlugin:80 - create IPUIPlugin
2024-03-15 09:19:13,137 [INFO] IPUIPlugin:80 - create IPUIPlugin
2024-03-15 09:19:13,137 [INFO] IPUIPlugin:80 - create IPUIPlugin
2024-03-15 09:19:13,137 [INFO] IPUIPlugin:80 - create IPUIPlugin
2024-03-15 09:19:13,137 [INFO] IPUIPlugin:80 - create IPUIPlugin
2024-03-15 09:19:13,137 [INFO] IPUIPlugin:80 - create IPUIPlugin
2024-03-15 09:19:13,137 [INFO] IPUIPlugin:80 - create IPUIPlugin
2024-03-15 09:19:13,137 [INFO] IPUIPlugin:80 - create IPUIPlugin
2024-03-15 09:19:13,137 [INFO] IPUIPlugin:80 - create IPUIPlugin
2024-03-15 09:19:13,137 [INFO] IPUIPlugin:80 - create IPUIPlugin
2024-03-15 09:19:13,137 [INFO] IPUIPlugin:80 - create IPUIPlugin
2024-03-15 09:19:13,137 [INFO] IPUIPlugin:80 - create IPUIPlugin
2024-03-15 09:19:13,138 [INFO] IPUIPlugin:80 - create IPUIPlugin
2024-03-15 09:19:13,138 [INFO] IPUIPlugin:80 - create IPUIPlugin
2024-03-15 09:19:13,138 [INFO] IPUIPlugin:80 - create IPUIPlugin
2024-03-15 09:19:13,138 [INFO] IPUIPlugin:80 - create IPUIPlugin
2024-03-15 09:19:13,138 [INFO] IPUIPlugin:80 - create IPUIPlugin
2024-03-15 09:19:13,138 [INFO] IPUIPlugin:80 - create IPUIPlugin
2024-03-15 09:19:13,138 [INFO] IPUIPlugin:80 - create IPUIPlugin
2024-03-15 09:19:13,138 [INFO] IPUIPlugin:80 - create IPUIPlugin
2024-03-15 09:19:13,139 [INFO] IPUIPlugin:80 - create IPUIPlugin
2024-03-15 09:19:13,139 [INFO] IPUIPlugin:80 - create IPUIPlugin
2024-03-15 09:19:13,140 [INFO] IPUIPlugin:80 - create IPUIPlugin
2024-03-15 09:19:13,140 [INFO] IPUIPlugin:80 - create IPUIPlugin
2024-03-15 09:19:13,140 [INFO] IPUIPlugin:80 - create IPUIPlugin
2024-03-15 09:19:13,140 [INFO] IPUIPlugin:80 - create IPUIPlugin
2024-03-15 09:19:13,140 [INFO] IPUIPlugin:80 - create IPUIPlugin
2024-03-15 09:19:13,140 [INFO] IPUIPlugin:80 - create IPUIPlugin
2024-03-15 09:19:13,140 [INFO] IPUIPlugin:80 - create IPUIPlugin
2024-03-15 09:19:13,140 [INFO] IPUIPlugin:80 - create IPUIPlugin
2024-03-15 09:19:13,141 [INFO] IPUIPlugin:80 - create IPUIPlugin
2024-03-15 09:19:13,141 [INFO] IPUIPlugin:80 - create IPUIPlugin
2024-03-15 09:19:13,141 [INFO] IPUIPlugin:80 - create IPUIPlugin
2024-03-15 09:19:13,142 [INFO] IPUIPlugin:80 - create IPUIPlugin
2024-03-15 09:19:13,142 [INFO] IPUIPlugin:80 - create IPUIPlugin
2024-03-15 09:19:13,142 [INFO] IPUIPlugin:80 - create IPUIPlugin
2024-03-15 09:19:13,142 [INFO] IPUIPlugin:80 - create IPUIPlugin
2024-03-15 09:19:13,142 [INFO] IPUIPlugin:80 - create IPUIPlugin
2024-03-15 09:19:13,142 [INFO] IPUIPlugin:80 - create IPUIPlugin
2024-03-15 09:19:13,143 [INFO] IPUIPlugin:80 - create IPUIPlugin
2024-03-15 09:19:13,143 [INFO] IPUIPlugin:80 - create IPUIPlugin
2024-03-15 09:19:13,143 [INFO] IPUIPlugin:80 - create IPUIPlugin
2024-03-15 09:19:13,144 [INFO] IPUIPlugin:80 - create IPUIPlugin
2024-03-15 09:19:13,144 [INFO] IPUIPlugin:80 - create IPUIPlugin
2024-03-15 09:19:13,145 [INFO] IPUIPlugin:80 - create IPUIPlugin
2024-03-15 09:19:13,145 [INFO] IPUIPlugin:80 - create IPUIPlugin
2024-03-15 09:19:13,145 [INFO] IPUIPlugin:80 - create IPUIPlugin
2024-03-15 09:19:13,146 [INFO] IPUIPlugin:80 - create IPUIPlugin
2024-03-15 09:19:13,146 [INFO] IPUIPlugin:80 - create IPUIPlugin
2024-03-15 09:19:13,146 [INFO] IPUIPlugin:80 - create IPUIPlugin
2024-03-15 09:19:13,146 [INFO] IPUIPlugin:80 - create IPUIPlugin
2024-03-15 09:19:13,147 [INFO] IPUIPlugin:80 - create IPUIPlugin
2024-03-15 09:19:13,147 [INFO] IPUIPlugin:80 - create IPUIPlugin
2024-03-15 09:19:13,147 [INFO] IPUIPlugin:80 - create IPUIPlugin
2024-03-15 09:19:13,147 [INFO] IPUIPlugin:80 - create IPUIPlugin
2024-03-15 09:19:13,148 [INFO] IPUIPlugin:80 - create IPUIPlugin
2024-03-15 09:19:13,148 [INFO] IPUIPlugin:80 - create IPUIPlugin
2024-03-15 09:19:13,163 [INFO] ApiDbMcu:508 - Load IP Config File for PDM2PCM
2024-03-15 09:19:13,193 [INFO] CADModel:165 - CPN selected for project levelSTM32F746NGH6
2024-03-15 09:19:13,193 [INFO] CADModel:114 - Register for checkConnection events
2024-03-15 09:19:13,241 [INFO] OpenFileManager:343 - Restore cursor
2024-03-15 09:19:13,572 [INFO] UtilMem:75 - End SaveConfig() Used Memory: 548695168 Bytes (959447040)
2024-03-15 09:19:13,634 [INFO] UtilMem:75 - End SaveConfig() Used Memory: 579427040 Bytes (959447040)
2024-03-15 09:19:13,811 [INFO] BlockDiagram:2759 - set Specific Code input for plugin: RCC
2024-03-15 09:19:13,811 [INFO] BlockDiagram:2759 - set Specific Code input for plugin: NVIC
2024-03-15 09:19:13,811 [INFO] BlockDiagram:2759 - set Specific Code input for plugin: CORTEX_M7
2024-03-15 09:19:13,813 [INFO] CodeGenerator:807 - code generatio: config db path: C:\ST\STM32CubeIDE_1.14.1\STM32CubeIDE\plugins\com.st.stm32cube.common.mx_6.10.0.202311202037\\db\
2024-03-15 09:19:14,057 [INFO] CodeEngine:255 - oldGeneratedFile, C:\Users\asus\STM32CubeIDE\workspace_1.14.1\TorqueSensor\MXTmpFiles\license.tmp_save
2024-03-15 09:19:14,145 [INFO] CodeEngine:279 - Generated code: C:\Users\asus\STM32CubeIDE\workspace_1.14.1\TorqueSensor\MXTmpFiles\license.tmp
2024-03-15 09:19:14,230 [INFO] CodeEngine:255 - oldGeneratedFile, C:\Users\asus\STM32CubeIDE\workspace_1.14.1\TorqueSensor\MXTmpFiles\cortex.tmp_save
2024-03-15 09:19:14,345 [INFO] CodeEngine:279 - Generated code: C:\Users\asus\STM32CubeIDE\workspace_1.14.1\TorqueSensor\MXTmpFiles\cortex.tmp
2024-03-15 09:19:14,377 [INFO] CodeEngine:255 - oldGeneratedFile, C:\Users\asus\STM32CubeIDE\workspace_1.14.1\TorqueSensor\Core\Src\stm32f7xx_it.c_save
2024-03-15 09:19:14,578 [INFO] CodeEngine:279 - Generated code: C:\Users\asus\STM32CubeIDE\workspace_1.14.1\TorqueSensor\Core\Src\stm32f7xx_it.c
2024-03-15 09:19:14,595 [INFO] CodeEngine:255 - oldGeneratedFile, C:\Users\asus\STM32CubeIDE\workspace_1.14.1\TorqueSensor\Core\Inc\stm32f7xx_it.h_save
2024-03-15 09:19:14,694 [INFO] CodeEngine:279 - Generated code: C:\Users\asus\STM32CubeIDE\workspace_1.14.1\TorqueSensor\Core\Inc\stm32f7xx_it.h
2024-03-15 09:19:14,728 [INFO] CodeEngine:255 - oldGeneratedFile, C:\Users\asus\STM32CubeIDE\workspace_1.14.1\TorqueSensor\Core\Src\stm32f7xx_hal_msp.c_save
2024-03-15 09:19:14,860 [INFO] CodeEngine:279 - Generated code: C:\Users\asus\STM32CubeIDE\workspace_1.14.1\TorqueSensor\Core\Src\stm32f7xx_hal_msp.c
2024-03-15 09:19:14,876 [INFO] CodeEngine:255 - oldGeneratedFile, C:\Users\asus\STM32CubeIDE\workspace_1.14.1\TorqueSensor\MXTmpFiles\system.tmp_save
2024-03-15 09:19:14,944 [INFO] CodeEngine:279 - Generated code: C:\Users\asus\STM32CubeIDE\workspace_1.14.1\TorqueSensor\MXTmpFiles\system.tmp
2024-03-15 09:19:14,961 [INFO] CodeEngine:311 - oldGeneratedFile, C:\Users\asus\STM32CubeIDE\workspace_1.14.1\TorqueSensor\Core\Inc\stm32f7xx_hal_conf.h_save
2024-03-15 09:19:15,078 [INFO] CodeEngine:335 - Generated code: C:\Users\asus\STM32CubeIDE\workspace_1.14.1\TorqueSensor\Core\Inc\stm32f7xx_hal_conf.h
2024-03-15 09:19:15,150 [INFO] CodeEngine:255 - oldGeneratedFile, C:\Users\asus\STM32CubeIDE\workspace_1.14.1\TorqueSensor\Core\Inc\main.h_save
2024-03-15 09:19:15,290 [INFO] CodeEngine:279 - Generated code: C:\Users\asus\STM32CubeIDE\workspace_1.14.1\TorqueSensor\Core\Inc\main.h
2024-03-15 09:19:15,302 [INFO] CodeEngine:255 - oldGeneratedFile, C:\Users\asus\STM32CubeIDE\workspace_1.14.1\TorqueSensor\Core\Src\main.c_save
2024-03-15 09:19:15,429 [INFO] CodeEngine:279 - Generated code: C:\Users\asus\STM32CubeIDE\workspace_1.14.1\TorqueSensor\Core\Src\main.c
2024-03-15 09:19:16,212 [INFO] ProjectBuilder:3076 - Time for Copy HAL[1] : 204mS.
2024-03-15 09:19:16,227 [INFO] ProjectBuilder:4485 - Project Generator version: 4.2.0-B44
2024-03-15 09:19:16,377 [INFO] ConfigFileManager:1495 - The Die is : DIE449
2024-03-15 09:19:16,394 [INFO] ApiDbMcu:508 - Load IP Config File for FATFS
2024-03-15 09:19:16,411 [INFO] ApiDbMcu:508 - Load IP Config File for FREERTOS
2024-03-15 09:19:16,411 [INFO] ApiDbMcu:508 - Load IP Config File for LIBJPEG
2024-03-15 09:19:16,427 [INFO] ApiDbMcu:508 - Load IP Config File for LWIP
2024-03-15 09:19:16,444 [INFO] ApiDbMcu:508 - Load IP Config File for MBEDTLS
2024-03-15 09:19:16,460 [INFO] ApiDbMcu:508 - Load IP Config File for USB_DEVICE
2024-03-15 09:19:16,460 [INFO] ApiDbMcu:508 - Load IP Config File for USB_HOST
2024-03-15 09:19:19,429 [INFO] ProjectBuilder:4747 - Time for Generating toolchain IDE Files: 3201mS.
2024-03-15 09:19:19,431 [INFO] ProjectBuilder:2947 - Time for Copy CMSIS : 1mS.
2024-03-15 09:19:19,434 [INFO] ProjectBuilder:2947 - Time for Copy CMSIS : 0mS.
2024-03-15 09:19:20,686 [INFO] McuFinderGlobals:76 - Set McuFinderConnectedMode to true
2024-03-15 09:19:20,688 [INFO] ApiDb:448 - Save user favorites file C:\Users\asus/.stm32cubeide/favorites.mcus.txt: 0 item(s)
2024-03-15 09:19:20,688 [INFO] ApiDb:452 - User favorites MCUs=[]
2024-03-15 09:19:20,690 [INFO] ApiDb:448 - Save user favorites file C:\Users\asus/.stm32cubeide/favorites.boards.txt: 0 item(s)
2024-03-15 09:19:20,690 [INFO] ApiDb:452 - User favorites Boards=[]
2024-03-15 09:19:37,828 [INFO] ADCParametersView:116 -                Rank 1 : false
2024-03-15 09:19:37,859 [INFO] ADCParametersView:116 -                Rank 1 : false
2024-03-15 09:19:37,859 [INFO] ADCParametersView:116 -                Rank 1 : false
2024-03-15 09:19:37,859 [INFO] ADCParametersView:116 -                Rank 1 : false
2024-03-15 09:19:37,859 [INFO] ADCParametersView:116 -                Rank 1 : false
2024-03-15 09:19:37,859 [INFO] ADCParametersView:116 -                Rank 1 : false
2024-03-15 09:19:37,860 [INFO] ADCParametersView:116 -                Rank 1 : false
2024-03-15 09:19:37,860 [INFO] ADCParametersView:116 -                Rank 1 : false
2024-03-15 09:19:37,860 [INFO] ADCParametersView:116 -                Rank 1 : false
2024-03-15 09:19:37,860 [INFO] ADCParametersView:116 -                Rank 1 : false
2024-03-15 09:19:37,860 [INFO] ADCParametersView:116 -                Rank 1 : false
2024-03-15 09:19:37,860 [INFO] ADCParametersView:116 -                Rank 1 : false
2024-03-15 09:19:37,860 [INFO] ADCParametersView:116 -                Rank 1 : false
2024-03-15 09:19:37,860 [INFO] ADCParametersView:116 -                Rank 1 : false
2024-03-15 09:19:37,860 [INFO] ADCParametersView:116 -                Rank 1 : false
2024-03-15 09:19:37,875 [INFO] ADCParametersView:116 -                Rank 1 : false
2024-03-15 09:19:37,962 [INFO] NvicIntPanel:101 - NVIC parent = com.st.microxplorer.plugins.ip.nvic.MultiNvicIntPanel[,0,0,0x0,invalid,layout=javax.swing.BoxLayout,alignmentX=0.0,alignmentY=0.0,border=,flags=9,maximumSize=,minimumSize=,preferredSize=]
2024-03-15 09:19:38,182 [INFO] ADCParametersView:116 -                Rank 1 : false
2024-03-15 09:19:38,182 [INFO] ADCParametersView:116 -                Rank 1 : false
2024-03-15 09:19:38,182 [INFO] ADCParametersView:116 -                Rank 1 : false
2024-03-15 09:19:38,182 [INFO] ADCParametersView:116 -                Rank 1 : false
2024-03-15 09:19:38,182 [INFO] ADCParametersView:116 -                Rank 1 : false
2024-03-15 09:19:38,182 [INFO] ADCParametersView:116 -                Rank 1 : false
2024-03-15 09:19:38,182 [INFO] ADCParametersView:116 -                Rank 1 : false
2024-03-15 09:19:38,182 [INFO] ADCParametersView:116 -                Rank 1 : false
2024-03-15 09:19:38,182 [INFO] ADCParametersView:116 -                Rank 1 : false
2024-03-15 09:19:38,182 [INFO] ADCParametersView:116 -                Rank 1 : false
2024-03-15 09:19:38,183 [INFO] ADCParametersView:116 -                Rank 1 : false
2024-03-15 09:19:38,183 [INFO] ADCParametersView:116 -                Rank 1 : false
2024-03-15 09:19:38,183 [INFO] ADCParametersView:116 -                Rank 1 : false
2024-03-15 09:19:38,183 [INFO] ADCParametersView:116 -                Rank 1 : false
2024-03-15 09:19:38,221 [INFO] ADCParametersView:116 -                Rank 1 : false
2024-03-15 09:19:38,270 [INFO] ADCParametersView:116 -                Rank 1 : false
2024-03-15 09:19:38,270 [INFO] ADCParametersView:116 -                Rank 1 : false
2024-03-15 09:19:38,270 [INFO] ADCParametersView:116 -                Rank 1 : false
2024-03-15 09:19:38,271 [INFO] ADCParametersView:116 -                Rank 1 : false
2024-03-15 09:19:38,271 [INFO] ADCParametersView:116 -                Rank 1 : false
2024-03-15 09:19:38,271 [INFO] ADCParametersView:116 -                Rank 1 : false
2024-03-15 09:19:38,271 [INFO] ADCParametersView:116 -                Rank 1 : false
2024-03-15 09:19:38,271 [INFO] ADCParametersView:116 -                Rank 1 : false
2024-03-15 09:19:38,271 [INFO] ADCParametersView:116 -                Rank 1 : false
2024-03-15 09:19:38,271 [INFO] ADCParametersView:116 -                Rank 1 : false
2024-03-15 09:19:38,271 [INFO] ADCParametersView:116 -                Rank 1 : false
2024-03-15 09:19:38,271 [INFO] ADCParametersView:116 -                Rank 1 : false
2024-03-15 09:19:38,271 [INFO] ADCParametersView:116 -                Rank 1 : false
2024-03-15 09:19:38,271 [INFO] ADCParametersView:116 -                Rank 1 : false
2024-03-15 09:19:38,307 [INFO] ADCParametersView:116 -                Rank 1 : false
2024-03-15 09:20:23,416 [INFO] SpinnerEditorADC:65 - is string kkkk
2024-03-15 09:20:25,330 [INFO] ADCParametersView:116 -                Rank 1 : false
2024-03-15 09:20:25,332 [INFO] ADCParametersView:116 -                Rank 1 : false
2024-03-15 09:20:25,332 [INFO] ADCParametersView:116 -                Rank 1 : false
2024-03-15 09:20:25,332 [INFO] ADCParametersView:116 -                Rank 1 : false
2024-03-15 09:20:25,332 [INFO] ADCParametersView:116 -                Rank 1 : false
2024-03-15 09:20:25,332 [INFO] ADCParametersView:116 -                Rank 1 : false
2024-03-15 09:20:25,332 [INFO] ADCParametersView:116 -                Rank 1 : false
2024-03-15 09:20:25,332 [INFO] ADCParametersView:116 -                Rank 1 : false
2024-03-15 09:20:25,332 [INFO] ADCParametersView:116 -                Rank 1 : false
2024-03-15 09:20:25,332 [INFO] ADCParametersView:116 -                Rank 1 : false
2024-03-15 09:20:25,332 [INFO] ADCParametersView:116 -                Rank 1 : false
2024-03-15 09:20:25,332 [INFO] ADCParametersView:116 -                Rank 1 : false
2024-03-15 09:20:25,332 [INFO] ADCParametersView:116 -                Rank 1 : false
2024-03-15 09:20:25,332 [INFO] ADCParametersView:116 -                Rank 1 : false
2024-03-15 09:20:25,342 [INFO] ADCParametersView:116 -                Rank 1 : false
2024-03-15 09:20:25,359 [INFO] ADCParametersView:116 -                Rank 1 : false
2024-03-15 09:20:25,360 [INFO] ADCParametersView:116 -                Rank 1 : false
2024-03-15 09:20:25,360 [INFO] ADCParametersView:116 -                Rank 1 : false
2024-03-15 09:20:25,360 [INFO] ADCParametersView:116 -                Rank 1 : false
2024-03-15 09:20:25,360 [INFO] ADCParametersView:116 -                Rank 1 : false
2024-03-15 09:20:25,360 [INFO] ADCParametersView:116 -                Rank 1 : false
2024-03-15 09:20:25,360 [INFO] ADCParametersView:116 -                Rank 1 : false
2024-03-15 09:20:25,360 [INFO] ADCParametersView:116 -                Rank 1 : false
2024-03-15 09:20:25,360 [INFO] ADCParametersView:116 -                Rank 1 : false
2024-03-15 09:20:25,360 [INFO] ADCParametersView:116 -                Rank 1 : false
2024-03-15 09:20:25,360 [INFO] ADCParametersView:116 -                Rank 1 : false
2024-03-15 09:20:25,360 [INFO] ADCParametersView:116 -                Rank 1 : false
2024-03-15 09:20:25,360 [INFO] ADCParametersView:116 -                Rank 1 : false
2024-03-15 09:20:25,360 [INFO] ADCParametersView:116 -                Rank 1 : false
2024-03-15 09:20:25,367 [INFO] ADCParametersView:116 -                Rank 1 : false
2024-03-15 09:20:25,412 [INFO] ADCParametersView:116 -                Rank 1 : false
2024-03-15 09:20:25,413 [INFO] ADCParametersView:116 -                Rank 1 : false
2024-03-15 09:20:25,413 [INFO] ADCParametersView:116 -                Rank 1 : false
2024-03-15 09:20:25,413 [INFO] ADCParametersView:116 -                Rank 1 : false
2024-03-15 09:20:25,413 [INFO] ADCParametersView:116 -                Rank 1 : false
2024-03-15 09:20:25,413 [INFO] ADCParametersView:116 -                Rank 1 : false
2024-03-15 09:20:25,413 [INFO] ADCParametersView:116 -                Rank 1 : false
2024-03-15 09:20:25,413 [INFO] ADCParametersView:116 -                Rank 1 : false
2024-03-15 09:20:25,413 [INFO] ADCParametersView:116 -                Rank 1 : false
2024-03-15 09:20:25,413 [INFO] ADCParametersView:116 -                Rank 1 : false
2024-03-15 09:20:25,413 [INFO] ADCParametersView:116 -                Rank 1 : false
2024-03-15 09:20:25,413 [INFO] ADCParametersView:116 -                Rank 1 : false
2024-03-15 09:20:25,413 [INFO] ADCParametersView:116 -                Rank 1 : false
2024-03-15 09:20:25,413 [INFO] ADCParametersView:116 -                Rank 1 : false
2024-03-15 09:20:25,445 [INFO] ADCParametersView:116 -                Rank 1 : false
2024-03-15 09:20:26,418 [INFO] SpinnerEditorADC:65 - is string kkkk
2024-03-15 09:20:35,718 [INFO] ParamManager:896 - [Generic UI] PropertyChangeEvent: TAB_STATUS_CHANGED , "dont care", "never mind"
2024-03-15 09:20:35,736 [INFO] NvicIntPanel:101 - NVIC parent = com.st.microxplorer.plugins.ip.nvic.MultiNvicIntPanel[,0,0,0x0,invalid,layout=javax.swing.BoxLayout,alignmentX=0.0,alignmentY=0.0,border=,flags=9,maximumSize=,minimumSize=,preferredSize=]
2024-03-15 09:20:35,844 [INFO] ParamManager:896 - [Generic UI] PropertyChangeEvent: TAB_STATUS_CHANGED , "dont care", "never mind"
2024-03-15 09:20:35,862 [INFO] NvicIntPanel:101 - NVIC parent = com.st.microxplorer.plugins.ip.nvic.MultiNvicIntPanel[,0,0,0x0,invalid,layout=javax.swing.BoxLayout,alignmentX=0.0,alignmentY=0.0,border=,flags=9,maximumSize=,minimumSize=,preferredSize=]
2024-03-15 09:20:35,989 [INFO] NvicIntPanel:101 - NVIC parent = com.st.microxplorer.plugins.ip.nvic.MultiNvicIntPanel[,0,0,0x0,invalid,layout=javax.swing.BoxLayout,alignmentX=0.0,alignmentY=0.0,border=,flags=9,maximumSize=,minimumSize=,preferredSize=]
2024-03-15 09:20:36,142 [INFO] NvicIntPanel:101 - NVIC parent = com.st.microxplorer.plugins.ip.nvic.MultiNvicIntPanel[,0,0,0x0,invalid,layout=javax.swing.BoxLayout,alignmentX=0.0,alignmentY=0.0,border=,flags=9,maximumSize=,minimumSize=,preferredSize=]
2024-03-15 09:20:36,207 [INFO] ADCParametersView:116 -                Rank 1 : false
2024-03-15 09:20:36,207 [INFO] ADCParametersView:116 -                Rank 1 : false
2024-03-15 09:20:36,207 [INFO] ADCParametersView:116 -                Rank 1 : false
2024-03-15 09:20:36,207 [INFO] ADCParametersView:116 -                Rank 1 : false
2024-03-15 09:20:36,207 [INFO] ADCParametersView:116 -                Rank 1 : false
2024-03-15 09:20:36,207 [INFO] ADCParametersView:116 -                Rank 1 : false
2024-03-15 09:20:36,207 [INFO] ADCParametersView:116 -                Rank 1 : false
2024-03-15 09:20:36,207 [INFO] ADCParametersView:116 -                Rank 1 : false
2024-03-15 09:20:36,207 [INFO] ADCParametersView:116 -                Rank 1 : false
2024-03-15 09:20:36,207 [INFO] ADCParametersView:116 -                Rank 1 : false
2024-03-15 09:20:36,207 [INFO] ADCParametersView:116 -                Rank 1 : false
2024-03-15 09:20:36,207 [INFO] ADCParametersView:116 -                Rank 1 : false
2024-03-15 09:20:36,207 [INFO] ADCParametersView:116 -                Rank 1 : false
2024-03-15 09:20:36,207 [INFO] ADCParametersView:116 -                Rank 1 : false
2024-03-15 09:20:36,256 [INFO] ADCParametersView:116 -                Rank 1 : false
2024-03-15 09:20:36,257 [INFO] ADCParametersView:116 -                Rank 1 : false
2024-03-15 09:20:36,257 [INFO] ADCParametersView:116 -        *      Injected Rank 1 : false
2024-03-15 09:20:38,082 [INFO] SpinnerEditorADC:65 - is string kkkk
2024-03-15 09:20:41,406 [INFO] NvicIntPanel:101 - NVIC parent = com.st.microxplorer.plugins.ip.nvic.MultiNvicIntPanel[,0,0,0x0,invalid,layout=javax.swing.BoxLayout,alignmentX=0.0,alignmentY=0.0,border=,flags=9,maximumSize=,minimumSize=,preferredSize=]
2024-03-15 09:20:41,456 [INFO] ADCParametersView:116 -                Rank 1 : false
2024-03-15 09:20:41,456 [INFO] ADCParametersView:116 -        *      Injected Rank 1 : false
2024-03-15 09:20:41,456 [INFO] ADCParametersView:116 -                Rank 1 : false
2024-03-15 09:20:41,456 [INFO] ADCParametersView:116 -        *      Injected Rank 1 : false
2024-03-15 09:20:41,456 [INFO] ADCParametersView:116 -                Rank 1 : false
2024-03-15 09:20:41,456 [INFO] ADCParametersView:116 -        *      Injected Rank 1 : false
2024-03-15 09:20:41,456 [INFO] ADCParametersView:116 -                Rank 1 : false
2024-03-15 09:20:41,456 [INFO] ADCParametersView:116 -        *      Injected Rank 1 : false
2024-03-15 09:20:41,456 [INFO] ADCParametersView:116 -                Rank 1 : false
2024-03-15 09:20:41,456 [INFO] ADCParametersView:116 -        *      Injected Rank 1 : false
2024-03-15 09:20:41,456 [INFO] ADCParametersView:116 -                Rank 1 : false
2024-03-15 09:20:41,456 [INFO] ADCParametersView:116 -        *      Injected Rank 1 : false
2024-03-15 09:20:41,456 [INFO] ADCParametersView:116 -                Rank 1 : false
2024-03-15 09:20:41,456 [INFO] ADCParametersView:116 -        *      Injected Rank 1 : false
2024-03-15 09:20:41,456 [INFO] ADCParametersView:116 -                Rank 1 : false
2024-03-15 09:20:41,456 [INFO] ADCParametersView:116 -        *      Injected Rank 1 : false
2024-03-15 09:20:41,456 [INFO] ADCParametersView:116 -                Rank 1 : false
2024-03-15 09:20:41,456 [INFO] ADCParametersView:116 -        *      Injected Rank 1 : false
2024-03-15 09:20:41,456 [INFO] ADCParametersView:116 -                Rank 1 : false
2024-03-15 09:20:41,456 [INFO] ADCParametersView:116 -        *      Injected Rank 1 : false
2024-03-15 09:20:41,456 [INFO] ADCParametersView:116 -                Rank 1 : false
2024-03-15 09:20:41,456 [INFO] ADCParametersView:116 -        *      Injected Rank 1 : false
2024-03-15 09:20:41,456 [INFO] ADCParametersView:116 -        *      Injected Rank 1 : false
2024-03-15 09:20:41,456 [INFO] ADCParametersView:116 -                Rank 1 : false
2024-03-15 09:20:41,456 [INFO] ADCParametersView:116 -        *      Injected Rank 1 : false
2024-03-15 09:20:41,456 [INFO] ADCParametersView:116 -                Rank 1 : false
2024-03-15 09:20:41,456 [INFO] ADCParametersView:116 -        *      Injected Rank 1 : false
2024-03-15 09:20:41,456 [INFO] ADCParametersView:116 -                Rank 1 : false
2024-03-15 09:20:41,456 [INFO] ADCParametersView:116 -        *      Injected Rank 1 : false
2024-03-15 09:20:41,456 [INFO] ADCParametersView:116 -                Rank 1 : false
2024-03-15 09:20:41,456 [INFO] ADCParametersView:116 -                Rank 1 : false
2024-03-15 09:20:41,456 [INFO] ADCParametersView:116 -        *      Injected Rank 1 : false
2024-03-15 09:20:41,456 [INFO] ADCParametersView:116 -                Rank 1 : false
2024-03-15 09:20:41,456 [INFO] ADCParametersView:116 -        *      Injected Rank 1 : false
2024-03-15 09:20:41,456 [INFO] ADCParametersView:116 -        *      Injected Rank 1 : false
2024-03-15 09:20:41,489 [INFO] ADCParametersView:116 -                Rank 1 : false
2024-03-15 09:21:00,833 [INFO] UtilMem:75 - End SaveConfig() Used Memory: 775367872 Bytes (1020264448)
2024-03-15 09:21:03,228 [INFO] UtilMem:75 - End SaveConfig() Used Memory: 315600520 Bytes (1020264448)
2024-03-15 09:21:03,453 [INFO] BlockDiagram:2759 - set Specific Code input for plugin: SYS
2024-03-15 09:21:03,453 [INFO] BlockDiagram:2759 - set Specific Code input for plugin: ADC
2024-03-15 09:21:03,453 [INFO] BlockDiagram:2759 - set Specific Code input for plugin: RCC
2024-03-15 09:21:03,453 [INFO] BlockDiagram:2759 - set Specific Code input for plugin: NVIC
2024-03-15 09:21:03,453 [INFO] BlockDiagram:2759 - set Specific Code input for plugin: CORTEX_M7
2024-03-15 09:21:03,453 [INFO] BlockDiagram:2759 - set Specific Code input for plugin: GPIO
2024-03-15 09:21:03,454 [INFO] CodeGenerator:807 - code generatio: config db path: C:\ST\STM32CubeIDE_1.14.1\STM32CubeIDE\plugins\com.st.stm32cube.common.mx_6.10.0.202311202037\\db\
2024-03-15 09:21:03,715 [INFO] CodeEngine:255 - oldGeneratedFile, C:\Users\asus\STM32CubeIDE\workspace_1.14.1\TorqueSensor\MXTmpFiles\license.tmp_save
2024-03-15 09:21:03,812 [INFO] CodeEngine:279 - Generated code: C:\Users\asus\STM32CubeIDE\workspace_1.14.1\TorqueSensor\MXTmpFiles\license.tmp
2024-03-15 09:21:03,852 [INFO] CodeEngine:255 - oldGeneratedFile, C:\Users\asus\STM32CubeIDE\workspace_1.14.1\TorqueSensor\MXTmpFiles\gpio.tmp_save
2024-03-15 09:21:03,955 [INFO] CodeEngine:279 - Generated code: C:\Users\asus\STM32CubeIDE\workspace_1.14.1\TorqueSensor\MXTmpFiles\gpio.tmp
2024-03-15 09:21:04,013 [INFO] CodeEngine:255 - oldGeneratedFile, C:\Users\asus\STM32CubeIDE\workspace_1.14.1\TorqueSensor\MXTmpFiles\cortex.tmp_save
2024-03-15 09:21:04,112 [INFO] CodeEngine:279 - Generated code: C:\Users\asus\STM32CubeIDE\workspace_1.14.1\TorqueSensor\MXTmpFiles\cortex.tmp
2024-03-15 09:21:04,141 [INFO] CodeEngine:255 - oldGeneratedFile, C:\Users\asus\STM32CubeIDE\workspace_1.14.1\TorqueSensor\Core\Src\stm32f7xx_it.c_save
2024-03-15 09:21:04,219 [INFO] CodeEngine:279 - Generated code: C:\Users\asus\STM32CubeIDE\workspace_1.14.1\TorqueSensor\Core\Src\stm32f7xx_it.c
2024-03-15 09:21:04,226 [INFO] CodeEngine:255 - oldGeneratedFile, C:\Users\asus\STM32CubeIDE\workspace_1.14.1\TorqueSensor\Core\Inc\stm32f7xx_it.h_save
2024-03-15 09:21:04,283 [INFO] CodeEngine:279 - Generated code: C:\Users\asus\STM32CubeIDE\workspace_1.14.1\TorqueSensor\Core\Inc\stm32f7xx_it.h
2024-03-15 09:21:04,315 [INFO] CodeEngine:255 - oldGeneratedFile, C:\Users\asus\STM32CubeIDE\workspace_1.14.1\TorqueSensor\Core\Src\stm32f7xx_hal_msp.c_save
2024-03-15 09:21:04,466 [INFO] CodeEngine:279 - Generated code: C:\Users\asus\STM32CubeIDE\workspace_1.14.1\TorqueSensor\Core\Src\stm32f7xx_hal_msp.c
2024-03-15 09:21:04,471 [INFO] CodeEngine:255 - oldGeneratedFile, C:\Users\asus\STM32CubeIDE\workspace_1.14.1\TorqueSensor\MXTmpFiles\system.tmp_save
2024-03-15 09:21:04,518 [INFO] CodeEngine:279 - Generated code: C:\Users\asus\STM32CubeIDE\workspace_1.14.1\TorqueSensor\MXTmpFiles\system.tmp
2024-03-15 09:21:04,553 [INFO] CodeEngine:311 - oldGeneratedFile, C:\Users\asus\STM32CubeIDE\workspace_1.14.1\TorqueSensor\Core\Inc\stm32f7xx_hal_conf.h_save
2024-03-15 09:21:04,681 [INFO] CodeEngine:335 - Generated code: C:\Users\asus\STM32CubeIDE\workspace_1.14.1\TorqueSensor\Core\Inc\stm32f7xx_hal_conf.h
2024-03-15 09:21:04,768 [INFO] CodeEngine:255 - oldGeneratedFile, C:\Users\asus\STM32CubeIDE\workspace_1.14.1\TorqueSensor\Core\Inc\main.h_save
2024-03-15 09:21:04,867 [INFO] CodeEngine:279 - Generated code: C:\Users\asus\STM32CubeIDE\workspace_1.14.1\TorqueSensor\Core\Inc\main.h
2024-03-15 09:21:04,884 [INFO] CodeEngine:255 - oldGeneratedFile, C:\Users\asus\STM32CubeIDE\workspace_1.14.1\TorqueSensor\Core\Src\main.c_save
2024-03-15 09:21:05,013 [INFO] CodeEngine:279 - Generated code: C:\Users\asus\STM32CubeIDE\workspace_1.14.1\TorqueSensor\Core\Src\main.c
2024-03-15 09:21:05,401 [INFO] ProjectBuilder:3076 - Time for Copy HAL[1] : 135mS.
2024-03-15 09:21:05,404 [INFO] ProjectBuilder:4485 - Project Generator version: 4.2.0-B44
2024-03-15 09:21:05,803 [INFO] ConfigFileManager:1495 - The Die is : DIE449
2024-03-15 09:21:07,140 [INFO] ProjectBuilder:4747 - Time for Generating toolchain IDE Files: 1735mS.
2024-03-15 09:21:07,142 [INFO] ProjectBuilder:2947 - Time for Copy CMSIS : 2mS.
2024-03-15 09:21:07,145 [INFO] ProjectBuilder:2947 - Time for Copy CMSIS : 0mS.
