2024-04-08 13:29:02,353 [INFO] Activator:176 - 


2024-04-08 13:29:02,362 [INFO] Activator:177 - !SESSION log4j initialized
2024-04-08 13:29:19,097 [INFO] LogOutputStream:77 - [STDOUT_REDIRECT] 
2024-04-08 13:29:33,124 [INFO] ApplicationProperties:184 - Using Application install path: C:\ST\STM32CubeIDE_1.14.1\STM32CubeIDE\plugins\com.st.stm32cube.common.mx_6.11.0.202403141607
2024-04-08 13:29:33,163 [INFO] DbMcusXml:78 - Set database path to: C:\ST\STM32CubeIDE_1.14.1\STM32CubeIDE\plugins\com.st.stm32cube.common.mx_6.11.0.202403141607\\db\/mcu/
2024-04-08 13:29:33,164 [INFO] ApiDb:274 - Set plugin database path to: C:\ST\STM32CubeIDE_1.14.1\STM32CubeIDE\plugins\com.st.stm32cube.common.mx_6.11.0.202403141607\\db\/plugins/boardmanager/
2024-04-08 13:29:33,165 [WARN] ApiDb:259 - Overriding images path with different value:  => C:\ST\STM32CubeIDE_1.14.1\STM32CubeIDE\plugins\com.st.stm32cube.common.mx_6.11.0.202403141607\\db\/plugins/mcufinder/images/
2024-04-08 13:29:33,188 [INFO] ApiDb:250 - Set database path to: C:\Users\asus\.stmcufinder\plugins\mcufinder//mcu/
2024-04-08 13:29:33,191 [INFO] DbMcusAds:125 - Set database path to: C:\Users\asus\.stmcufinder\plugins\mcufinder//mcu/
2024-04-08 13:29:33,304 [INFO] CrossReferenceDbSqlite:203 - Set database path to: C:\Users\asus\.stmcufinder\plugins\mcufinder//mcu/cs/
2024-04-08 13:29:33,519 [INFO] RulesReader:64 - Compatibility file has been processed (297 Rules)
2024-04-08 13:29:33,757 [INFO] DbMcusXml:78 - Set database path to: C:\ST\STM32CubeIDE_1.14.1\STM32CubeIDE\plugins\com.st.stm32cube.common.mx_6.11.0.202403141607\\db\/mcu/
2024-04-08 13:29:33,757 [INFO] ApiDb:274 - Set plugin database path to: C:\ST\STM32CubeIDE_1.14.1\STM32CubeIDE\plugins\com.st.stm32cube.common.mx_6.11.0.202403141607\\db\/plugins/boardmanager/
2024-04-08 13:29:33,758 [INFO] ApiDb:261 - Set plugin images path to: C:\ST\STM32CubeIDE_1.14.1\STM32CubeIDE\plugins\com.st.stm32cube.common.mx_6.11.0.202403141607\\db\/plugins/mcufinder/images/
2024-04-08 13:29:33,758 [WARN] DbFile:41 - Overriding database path with different value: C:\Users\asus\.stmcufinder\plugins\mcufinder/ => C:\Users\asus\.stmcufinder\plugins\mcufinder
2024-04-08 13:29:33,759 [INFO] ApiDb:250 - Set database path to: C:\Users\asus\.stmcufinder\plugins\mcufinder//mcu/
2024-04-08 13:29:33,759 [WARN] DbFile:41 - Overriding database path with different value: C:\Users\asus\.stmcufinder\plugins\mcufinder/ => C:\Users\asus\.stmcufinder\plugins\mcufinder
2024-04-08 13:29:33,759 [INFO] DbMcusAds:125 - Set database path to: C:\Users\asus\.stmcufinder\plugins\mcufinder//mcu/
2024-04-08 13:29:33,759 [WARN] DbFile:41 - Overriding database path with different value: C:\Users\asus\.stmcufinder\plugins\mcufinder/ => C:\Users\asus\.stmcufinder\plugins\mcufinder
2024-04-08 13:29:33,760 [WARN] DbFile:41 - Overriding database path with different value: C:\Users\asus\.stmcufinder\plugins\mcufinder/ => C:\Users\asus\.stmcufinder\plugins\mcufinder
2024-04-08 13:29:33,760 [INFO] CrossReferenceDbSqlite:203 - Set database path to: C:\Users\asus\.stmcufinder\plugins\mcufinder//mcu/cs/
2024-04-08 13:29:34,002 [INFO] MainPanel:264 - HeapMemory: 268435456
2024-04-08 13:29:34,358 [INFO] DbMcusXml:78 - Set database path to: C:\ST\STM32CubeIDE_1.14.1\STM32CubeIDE\plugins\com.st.stm32cube.common.mx_6.11.0.202403141607\\db\/mcu/
2024-04-08 13:29:34,359 [INFO] ApiDb:274 - Set plugin database path to: C:\ST\STM32CubeIDE_1.14.1\STM32CubeIDE\plugins\com.st.stm32cube.common.mx_6.11.0.202403141607\\db\/plugins/boardmanager/
2024-04-08 13:29:34,359 [INFO] ApiDb:261 - Set plugin images path to: C:\ST\STM32CubeIDE_1.14.1\STM32CubeIDE\plugins\com.st.stm32cube.common.mx_6.11.0.202403141607\\db\/plugins/mcufinder/images/
2024-04-08 13:29:34,359 [WARN] DbFile:41 - Overriding database path with different value: C:\Users\asus\.stmcufinder\plugins\mcufinder/ => C:\Users\asus\.stmcufinder\plugins\mcufinder
2024-04-08 13:29:34,359 [INFO] ApiDb:250 - Set database path to: C:\Users\asus\.stmcufinder\plugins\mcufinder//mcu/
2024-04-08 13:29:34,359 [WARN] DbFile:41 - Overriding database path with different value: C:\Users\asus\.stmcufinder\plugins\mcufinder/ => C:\Users\asus\.stmcufinder\plugins\mcufinder
2024-04-08 13:29:34,359 [INFO] DbMcusAds:125 - Set database path to: C:\Users\asus\.stmcufinder\plugins\mcufinder//mcu/
2024-04-08 13:29:34,359 [WARN] DbFile:41 - Overriding database path with different value: C:\Users\asus\.stmcufinder\plugins\mcufinder/ => C:\Users\asus\.stmcufinder\plugins\mcufinder
2024-04-08 13:29:34,360 [WARN] DbFile:41 - Overriding database path with different value: C:\Users\asus\.stmcufinder\plugins\mcufinder/ => C:\Users\asus\.stmcufinder\plugins\mcufinder
2024-04-08 13:29:34,360 [INFO] CrossReferenceDbSqlite:203 - Set database path to: C:\Users\asus\.stmcufinder\plugins\mcufinder//mcu/cs/
2024-04-08 13:29:34,395 [INFO] ApplicationProperties:184 - Using Application install path: C:\ST\STM32CubeIDE_1.14.1\STM32CubeIDE\plugins\com.st.stm32cube.common.mx_6.11.0.202403141607
2024-04-08 13:29:34,398 [INFO] PluginManage:196 - Search for loadable plugins [exclusion list=, ]
2024-04-08 13:29:34,403 [INFO] PluginManage:310 - Check plugin analytics
2024-04-08 13:29:34,692 [INFO] AnalyticsPlugin:253 - Accepted Software Licenses: 
2024-04-08 13:29:34,692 [INFO] AnalyticsPlugin:255 - Accepted CMSIS Pack Licenses: 
2024-04-08 13:29:34,693 [INFO] AnalyticsPlugin:257 - Accepted Firmware Licenses: 
2024-04-08 13:29:34,697 [INFO] PluginManage:359 - Loaded plugin analytics (category:tool,tabindex:-1)
2024-04-08 13:29:34,697 [INFO] PluginManage:310 - Check plugin cadmodel
2024-04-08 13:29:34,721 [INFO] CADModel:105 - Init CAD model plugin
2024-04-08 13:29:34,721 [INFO] PluginManage:359 - Loaded plugin cadmodel (category:power,tabindex:5)
2024-04-08 13:29:34,721 [INFO] PluginManage:310 - Check plugin clock
2024-04-08 13:29:34,749 [INFO] PluginManage:359 - Loaded plugin clock (category:base,tabindex:2)
2024-04-08 13:29:34,749 [INFO] PluginManage:310 - Check plugin ddr
2024-04-08 13:29:34,754 [INFO] PluginManage:359 - Loaded plugin ddr (category:tool,tabindex:6)
2024-04-08 13:29:34,754 [INFO] PluginManage:310 - Check plugin filemanager
2024-04-08 13:29:35,049 [INFO] PluginManage:359 - Loaded plugin filemanager (category:base,tabindex:10)
2024-04-08 13:29:35,049 [INFO] PluginManage:310 - Check plugin ipmanager
2024-04-08 13:29:35,061 [INFO] PluginManage:359 - Loaded plugin ipmanager (category:base,tabindex:5)
2024-04-08 13:29:35,061 [INFO] PluginManage:310 - Check plugin lpbam
2024-04-08 13:29:35,092 [INFO] PluginManage:359 - Loaded plugin lpbam (category:base,tabindex:0)
2024-04-08 13:29:35,092 [INFO] PluginManage:310 - Check plugin memorymap
2024-04-08 13:29:35,133 [INFO] PluginManage:359 - Loaded plugin memorymap (category:base,tabindex:4)
2024-04-08 13:29:35,134 [INFO] PluginManage:310 - Check plugin pinoutandconfiguration
2024-04-08 13:29:35,156 [INFO] PluginManage:359 - Loaded plugin pinoutandconfiguration (category:base,tabindex:1)
2024-04-08 13:29:35,156 [INFO] PluginManage:310 - Check plugin pinoutconfig
2024-04-08 13:29:35,343 [WARN] SupportedApi:132 - Cannot load RTOS API schema: s4s-elt-must-match.1: The content of 'definitions' must match (annotation?, (simpleType | complexType)?, (unique | key | keyref)*)). A problem was found starting at: attribute.
2024-04-08 13:29:35,648 [INFO] PluginManage:359 - Loaded plugin pinoutconfig (category:base,tabindex:0)
2024-04-08 13:29:35,648 [INFO] PluginManage:310 - Check plugin power
2024-04-08 13:29:35,680 [INFO] PluginManage:359 - Loaded plugin power (category:power,tabindex:4)
2024-04-08 13:29:35,680 [INFO] PluginManage:310 - Check plugin projectmanager
2024-04-08 13:29:35,711 [INFO] PluginManage:359 - Loaded plugin projectmanager (category:projectmanager,tabindex:3)
2024-04-08 13:29:35,711 [INFO] PluginManage:310 - Check plugin thirdparty
2024-04-08 13:29:36,332 [INFO] PluginManage:359 - Loaded plugin thirdparty (category:base,tabindex:-1)
2024-04-08 13:29:36,332 [WARN] IntegrityCheckThread:84 - waiting for thirdparty lock release [integrity check]
2024-04-08 13:29:36,332 [INFO] PluginManage:310 - Check plugin tools
2024-04-08 13:29:36,332 [INFO] IntegrityCheckThread:86 - entering critical section [integrity check]
2024-04-08 13:29:36,336 [INFO] ThirdPartyUpdaterWithRetryManager:70 - Updater plugin not ready yet. [1/15]
2024-04-08 13:29:36,405 [INFO] PluginManage:359 - Loaded plugin tools (category:base,tabindex:7)
2024-04-08 13:29:36,406 [INFO] PluginManage:310 - Check plugin tutovideos
2024-04-08 13:29:36,795 [INFO] PluginManage:359 - Loaded plugin tutovideos (category:base,tabindex:-1)
2024-04-08 13:29:36,795 [INFO] PluginManage:310 - Check plugin updater
2024-04-08 13:29:36,821 [INFO] PluginManage:359 - Loaded plugin updater (category:base,tabindex:12)
2024-04-08 13:29:36,821 [INFO] PluginManage:310 - Check plugin userauth
2024-04-08 13:29:36,835 [INFO] UserAuth:114 - Init User Auth plugin
2024-04-08 13:29:36,835 [INFO] PluginManage:359 - Loaded plugin userauth (category:base,tabindex:14)
2024-04-08 13:29:36,836 [INFO] PluginManage:283 - PluginManage : Loaded plugins [17]
2024-04-08 13:29:37,357 [INFO] PinOutPanel:1561 - setPackage(No Configuration,No Configuration)
2024-04-08 13:29:37,525 [INFO] CADModel:165 - CPN selected for project level
2024-04-08 13:29:37,525 [INFO] CADModel:114 - Register for checkConnection events
2024-04-08 13:29:37,577 [INFO] IPUIPlugin:80 - create IPUIPlugin
2024-04-08 13:29:37,577 [INFO] PluginManager:220 - loadIPPluginJar : add adc
2024-04-08 13:29:37,634 [INFO] IPUIPlugin:80 - create IPUIPlugin
2024-04-08 13:29:37,635 [INFO] PluginManager:220 - loadIPPluginJar : add aes
2024-04-08 13:29:37,719 [INFO] IPUIPlugin:80 - create IPUIPlugin
2024-04-08 13:29:37,720 [INFO] PluginManager:220 - loadIPPluginJar : add can
2024-04-08 13:29:37,758 [INFO] IPUIPlugin:80 - create IPUIPlugin
2024-04-08 13:29:37,758 [INFO] PluginManager:220 - loadIPPluginJar : add comp
2024-04-08 13:29:37,833 [INFO] IPUIPlugin:80 - create IPUIPlugin
2024-04-08 13:29:37,833 [INFO] PluginManager:220 - loadIPPluginJar : add cryp
2024-04-08 13:29:37,886 [INFO] IPUIPlugin:80 - create IPUIPlugin
2024-04-08 13:29:37,886 [INFO] PluginManager:220 - loadIPPluginJar : add dfsdm
2024-04-08 13:29:37,921 [INFO] IPUIPlugin:80 - create IPUIPlugin
2024-04-08 13:29:37,922 [INFO] PluginManager:220 - loadIPPluginJar : add dma
2024-04-08 13:29:38,008 [INFO] IPUIPlugin:80 - create IPUIPlugin
2024-04-08 13:29:38,008 [INFO] PluginManager:220 - loadIPPluginJar : add dma3
2024-04-08 13:29:38,092 [INFO] IPUIPlugin:80 - create IPUIPlugin
2024-04-08 13:29:38,092 [INFO] PluginManager:220 - loadIPPluginJar : add extmemmanager
2024-04-08 13:29:38,136 [INFO] IPUIPlugin:80 - create IPUIPlugin
2024-04-08 13:29:38,136 [INFO] PluginManager:220 - loadIPPluginJar : add fatfs
2024-04-08 13:29:38,208 [INFO] IPUIPlugin:80 - create IPUIPlugin
2024-04-08 13:29:38,208 [INFO] PluginManager:220 - loadIPPluginJar : add fmc
2024-04-08 13:29:38,243 [INFO] IPUIPlugin:80 - create IPUIPlugin
2024-04-08 13:29:38,244 [INFO] PluginManager:220 - loadIPPluginJar : add freertos
2024-04-08 13:29:38,308 [INFO] IPUIPlugin:80 - create IPUIPlugin
2024-04-08 13:29:38,309 [INFO] PluginManager:220 - loadIPPluginJar : add genericplugin
2024-04-08 13:29:38,494 [INFO] IPUIPlugin:80 - create IPUIPlugin
2024-04-08 13:29:38,495 [INFO] PluginManager:220 - loadIPPluginJar : add gfxmmu
2024-04-08 13:29:38,771 [INFO] IPUIPlugin:80 - create IPUIPlugin
2024-04-08 13:29:38,771 [INFO] PluginManager:220 - loadIPPluginJar : add gic
2024-04-08 13:29:38,793 [INFO] IPUIPlugin:80 - create IPUIPlugin
2024-04-08 13:29:38,793 [INFO] PluginManager:220 - loadIPPluginJar : add gpio
2024-04-08 13:29:38,970 [INFO] IPUIPlugin:80 - create IPUIPlugin
2024-04-08 13:29:38,970 [INFO] PluginManager:220 - loadIPPluginJar : add gtzc
2024-04-08 13:29:39,032 [INFO] IPUIPlugin:80 - create IPUIPlugin
2024-04-08 13:29:39,033 [INFO] PluginManager:220 - loadIPPluginJar : add hash
2024-04-08 13:29:39,126 [INFO] IPUIPlugin:80 - create IPUIPlugin
2024-04-08 13:29:39,126 [INFO] PluginManager:220 - loadIPPluginJar : add i2c
2024-04-08 13:29:39,208 [INFO] IPUIPlugin:80 - create IPUIPlugin
2024-04-08 13:29:39,208 [INFO] PluginManager:220 - loadIPPluginJar : add i2s
2024-04-08 13:29:39,274 [INFO] IPUIPlugin:80 - create IPUIPlugin
2024-04-08 13:29:39,275 [INFO] PluginManager:220 - loadIPPluginJar : add i3c
2024-04-08 13:29:39,337 [INFO] ThirdPartyUpdaterWithRetryManager:70 - Updater plugin not ready yet. [2/15]
2024-04-08 13:29:39,491 [INFO] IPUIPlugin:80 - create IPUIPlugin
2024-04-08 13:29:39,491 [INFO] PluginManager:220 - loadIPPluginJar : add ipddr
2024-04-08 13:29:39,664 [INFO] IPUIPlugin:80 - create IPUIPlugin
2024-04-08 13:29:39,665 [INFO] PluginManager:220 - loadIPPluginJar : add linkedlist
2024-04-08 13:29:39,727 [INFO] IPUIPlugin:80 - create IPUIPlugin
2024-04-08 13:29:39,727 [INFO] PluginManager:220 - loadIPPluginJar : add lorawan
2024-04-08 13:29:39,797 [INFO] IPUIPlugin:80 - create IPUIPlugin
2024-04-08 13:29:39,798 [INFO] PluginManager:220 - loadIPPluginJar : add ltdc
2024-04-08 13:29:39,825 [INFO] IPUIPlugin:80 - create IPUIPlugin
2024-04-08 13:29:39,825 [INFO] PluginManager:220 - loadIPPluginJar : add mdma
2024-04-08 13:29:39,845 [INFO] IPUIPlugin:80 - create IPUIPlugin
2024-04-08 13:29:39,845 [INFO] PluginManager:220 - loadIPPluginJar : add nvic
2024-04-08 13:29:39,912 [INFO] IPUIPlugin:80 - create IPUIPlugin
2024-04-08 13:29:39,912 [INFO] PluginManager:220 - loadIPPluginJar : add opamp
2024-04-08 13:29:40,034 [INFO] IPUIPlugin:80 - create IPUIPlugin
2024-04-08 13:29:40,035 [INFO] PluginManager:220 - loadIPPluginJar : add openamp
2024-04-08 13:29:40,123 [INFO] IPUIPlugin:80 - create IPUIPlugin
2024-04-08 13:29:40,124 [INFO] PluginManager:220 - loadIPPluginJar : add pdm2pcm
2024-04-08 13:29:40,142 [INFO] IPUIPlugin:80 - create IPUIPlugin
2024-04-08 13:29:40,145 [INFO] PluginManager:220 - loadIPPluginJar : add plateformsettings
2024-04-08 13:29:40,202 [INFO] IPUIPlugin:80 - create IPUIPlugin
2024-04-08 13:29:40,202 [INFO] PluginManager:220 - loadIPPluginJar : add quadspi
2024-04-08 13:29:40,236 [INFO] IPUIPlugin:80 - create IPUIPlugin
2024-04-08 13:29:40,236 [INFO] PluginManager:220 - loadIPPluginJar : add resmgrutility
2024-04-08 13:29:40,314 [INFO] IPUIPlugin:80 - create IPUIPlugin
2024-04-08 13:29:40,316 [INFO] PluginManager:220 - loadIPPluginJar : add sai
2024-04-08 13:29:40,400 [INFO] IPUIPlugin:80 - create IPUIPlugin
2024-04-08 13:29:40,402 [INFO] PluginManager:220 - loadIPPluginJar : add spi
2024-04-08 13:29:40,507 [INFO] IPUIPlugin:80 - create IPUIPlugin
2024-04-08 13:29:40,507 [INFO] PluginManager:220 - loadIPPluginJar : add stm32_wpan
2024-04-08 13:29:40,610 [INFO] IPUIPlugin:80 - create IPUIPlugin
2024-04-08 13:29:40,611 [INFO] PluginManager:220 - loadIPPluginJar : add tim
2024-04-08 13:29:40,727 [INFO] IPUIPlugin:80 - create IPUIPlugin
2024-04-08 13:29:40,728 [INFO] PluginManager:220 - loadIPPluginJar : add touchsensing
2024-04-08 13:29:40,787 [INFO] IPUIPlugin:80 - create IPUIPlugin
2024-04-08 13:29:40,788 [INFO] PluginManager:220 - loadIPPluginJar : add tracer_emb
2024-04-08 13:29:40,841 [INFO] IPUIPlugin:80 - create IPUIPlugin
2024-04-08 13:29:40,841 [INFO] PluginManager:220 - loadIPPluginJar : add ts
2024-04-08 13:29:40,883 [INFO] IPUIPlugin:80 - create IPUIPlugin
2024-04-08 13:29:40,883 [INFO] PluginManager:220 - loadIPPluginJar : add tsc
2024-04-08 13:29:40,939 [INFO] IPUIPlugin:80 - create IPUIPlugin
2024-04-08 13:29:40,940 [INFO] PluginManager:220 - loadIPPluginJar : add ucpd
2024-04-08 13:29:41,042 [INFO] IPUIPlugin:80 - create IPUIPlugin
2024-04-08 13:29:41,042 [INFO] PluginManager:220 - loadIPPluginJar : add usart
2024-04-08 13:29:41,213 [INFO] IPUIPlugin:80 - create IPUIPlugin
2024-04-08 13:29:41,213 [INFO] PluginManager:220 - loadIPPluginJar : add usbx
2024-04-08 13:29:41,448 [INFO] CADModel:165 - CPN selected for project level
2024-04-08 13:29:41,448 [INFO] CADModel:114 - Register for checkConnection events
2024-04-08 13:29:41,448 [FATAL] Updater:308 - Updater called before beeing initialized
2024-04-08 13:29:41,449 [ERROR] CADModel:125 - Updater not yet initialized, retry later 
2024-04-08 13:29:41,877 [INFO] CADModel:165 - CPN selected for project level
2024-04-08 13:29:41,877 [INFO] CADModel:114 - Register for checkConnection events
2024-04-08 13:29:41,878 [FATAL] Updater:308 - Updater called before beeing initialized
2024-04-08 13:29:41,878 [ERROR] CADModel:125 - Updater not yet initialized, retry later 
2024-04-08 13:29:41,887 [FATAL] Updater:308 - Updater called before beeing initialized
2024-04-08 13:29:42,049 [FATAL] Updater:308 - Updater called before beeing initialized
2024-04-08 13:29:42,063 [INFO] DbMcusAds:53 - JSON generation date=Wed Nov 29 11:52:27 CET 2023 (1701255147349)
2024-04-08 13:29:42,063 [FATAL] Updater:308 - Updater called before beeing initialized
2024-04-08 13:29:42,211 [WARN] DetailPanel:346 - Failed to get advertising image, set to default
2024-04-08 13:29:42,339 [INFO] ThirdPartyUpdaterWithRetryManager:70 - Updater plugin not ready yet. [3/15]
2024-04-08 13:29:42,416 [FATAL] Updater:308 - Updater called before beeing initialized
2024-04-08 13:29:42,420 [FATAL] Updater:308 - Updater called before beeing initialized
2024-04-08 13:29:42,420 [FATAL] Updater:308 - Updater called before beeing initialized
2024-04-08 13:29:42,420 [WARN] DetailPanel:346 - Failed to get advertising image, set to default
2024-04-08 13:29:42,422 [FATAL] Updater:308 - Updater called before beeing initialized
2024-04-08 13:29:42,518 [ERROR] Updater:1120 - MainUpdater not yet initialized. External WinMGr cannot be set.
2024-04-08 13:29:42,530 [INFO] Updater:1056 - Updater Version found : 6.11.0
2024-04-08 13:29:42,562 [INFO] ApplicationProperties:184 - Using Application install path: C:\ST\STM32CubeIDE_1.14.1\STM32CubeIDE\plugins\com.st.stm32cube.common.mx_6.11.0.202403141607
2024-04-08 13:29:43,616 [INFO] MainUpdater:2873 - connection check result : 10
2024-04-08 13:29:43,618 [INFO] MainUpdater:290 - Updater Check For Update Now.
2024-04-08 13:29:43,619 [INFO] MicroXplorer:498 - Change Database Version : DB.6.0.110
2024-04-08 13:29:43,646 [INFO] McuFinderGlobals:63 - Set McuFinder mode to 2 (CubeIDE integrated)
2024-04-08 13:29:43,664 [INFO] UserAuth:415 - Internet connection configuration mode: 1
2024-04-08 13:29:43,705 [INFO] JxBrowserEngine:152 - Initiate JxBrowser Engine with user profile folder
2024-04-08 13:29:43,865 [INFO] CheckServerUpdateThread:120 - End of CheckServer Thread
2024-04-08 13:29:45,665 [WARN] PackLoader:240 - Cannot read IP mode file for STMicroelectronics.X-CUBE-SMBUS.2.1.0
2024-04-08 13:29:45,692 [WARN] PackLoader:240 - Cannot read IP mode file for STMicroelectronics.X-CUBE-TOUCHGFX.4.23.0
2024-04-08 13:29:45,753 [WARN] PackLoader:240 - Cannot read IP mode file for STMicroelectronics.X-CUBE-AZRTOS-F7.1.1.0
2024-04-08 13:29:45,780 [WARN] PackLoader:240 - Cannot read IP mode file for STMicroelectronics.FP-SNS-MOTENV1.4.3.2
2024-04-08 13:29:45,810 [WARN] PackLoader:240 - Cannot read IP mode file for STMicroelectronics.FP-SNS-FLIGHT1.5.0.2
2024-04-08 13:29:45,838 [WARN] PackLoader:240 - Cannot read IP mode file for STMicroelectronics.X-CUBE-DISPLAY.3.0.0
2024-04-08 13:29:45,889 [WARN] PackLoader:240 - Cannot read IP mode file for STMicroelectronics.X-CUBE-BLE1.7.0.0
2024-04-08 13:29:45,913 [WARN] PackLoader:240 - Cannot read IP mode file for emotas.I-CUBE-CANOPEN.1.3.0
2024-04-08 13:29:45,963 [WARN] PackLoader:240 - Cannot read IP mode file for STMicroelectronics.X-CUBE-BLEMGR.3.1.0
2024-04-08 13:29:46,007 [WARN] PackLoader:240 - Cannot read IP mode file for STMicroelectronics.FP-SNS-SMARTAG2.1.2.0
2024-04-08 13:29:46,046 [INFO] LogOutputStream:77 - [STDOUT_REDIRECT] 1 : Invalid condition id : UX_CORESTACK_Condition cause : null
2024-04-08 13:29:46,047 [INFO] LogOutputStream:77 - [STDOUT_REDIRECT] 1 : Invalid condition id : UX_CORESTACK_Condition cause : null
2024-04-08 13:29:46,048 [INFO] LogOutputStream:77 - [STDOUT_REDIRECT] 1 : Invalid condition id : UX_CORESTACK_Condition cause : null
2024-04-08 13:29:46,049 [INFO] LogOutputStream:77 - [STDOUT_REDIRECT] 1 : Invalid condition id : UX_CORESTACK_Condition cause : null
2024-04-08 13:29:46,050 [INFO] LogOutputStream:77 - [STDOUT_REDIRECT] 1 : Invalid condition id : UX_CORESTACK_Condition cause : null
2024-04-08 13:29:46,059 [WARN] PackLoader:240 - Cannot read IP mode file for STMicroelectronics.X-CUBE-AZRTOS-WL.2.0.0
2024-04-08 13:29:46,105 [WARN] PackLoader:240 - Cannot read IP mode file for WES.I-CUBE-Cesium.1.3.0
2024-04-08 13:29:46,125 [WARN] PackLoader:240 - Cannot read IP mode file for STMicroelectronics.X-CUBE-BLE2.3.3.0
2024-04-08 13:29:46,145 [WARN] PackLoader:240 - Cannot read IP mode file for STMicroelectronics.X-CUBE-ALGOBUILD.1.3.0
2024-04-08 13:29:46,185 [WARN] PackLoader:240 - Cannot read IP mode file for STMicroelectronics.X-CUBE-AZRTOS-G0.1.1.0
2024-04-08 13:29:46,218 [WARN] PackLoader:240 - Cannot read IP mode file for STMicroelectronics.X-CUBE-NFC4.3.0.0
2024-04-08 13:29:46,239 [WARN] PackLoader:240 - Cannot read IP mode file for STMicroelectronics.FP-ATR-SIGFOX1.3.2.0
2024-04-08 13:29:46,262 [WARN] PackLoader:240 - Cannot read IP mode file for STMicroelectronics.X-CUBE-EEPRMA1.5.1.0
2024-04-08 13:29:46,340 [WARN] PackLoader:240 - Cannot read IP mode file for SEGGER.I-CUBE-embOS.1.3.1
2024-04-08 13:29:46,448 [WARN] PackLoader:240 - Cannot read IP mode file for STMicroelectronics.X-CUBE-GNSS1.6.0.0
2024-04-08 13:29:46,514 [WARN] PackLoader:240 - Cannot read IP mode file for STMicroelectronics.X-CUBE-AZRTOS-F4.1.1.0
2024-04-08 13:29:46,541 [WARN] PackLoader:240 - Cannot read IP mode file for wolfSSL.I-CUBE-wolfSSL.5.6.6
2024-04-08 13:29:46,589 [WARN] PackLoader:240 - Cannot read IP mode file for STMicroelectronics.X-CUBE-AZRTOS-L5.2.0.0
2024-04-08 13:29:46,620 [WARN] PackLoader:240 - Cannot read IP mode file for STMicroelectronics.X-CUBE-NFC6.3.1.0
2024-04-08 13:29:46,642 [WARN] PackLoader:240 - Cannot read IP mode file for ITTIA_DB.I-CUBE-ITTIADB.8.8.0
2024-04-08 13:29:46,660 [WARN] PackLoader:240 - Cannot read IP mode file for STMicroelectronics.X-CUBE-NFC7.1.0.1
2024-04-08 13:29:46,682 [WARN] PackLoader:240 - Cannot read IP mode file for STMicroelectronics.X-CUBE-NFC6.3.0.0
2024-04-08 13:29:46,708 [WARN] PackLoader:240 - Cannot read IP mode file for STMicroelectronics.X-CUBE-AI.8.1.0
2024-04-08 13:29:46,749 [WARN] ConditionMgr:438 - getConditionDescription Invalid condition id : LAN8742 Phy interface Condition cause : null
2024-04-08 13:29:46,750 [WARN] PackLoader:240 - Cannot read IP mode file for STMicroelectronics.X-CUBE-AZRTOS-L4.2.0.0
2024-04-08 13:29:46,754 [WARN] ConditionMgr:1039 - genDependencies : Invalid condition id : LAN8742 Phy interface Condition cause : null
2024-04-08 13:29:46,755 [WARN] ConditionMgr:1039 - genDependencies : Invalid condition id : LAN8742 Phy interface Condition cause : null
2024-04-08 13:29:46,756 [WARN] ConditionMgr:1039 - genDependencies : Invalid condition id : LAN8742 Phy interface Condition cause : null
2024-04-08 13:29:46,784 [WARN] PackLoader:240 - Cannot read IP mode file for STMicroelectronics.X-CUBE-SFXS2LP1.4.0.0
2024-04-08 13:29:46,822 [WARN] ConditionMgr:438 - getConditionDescription Invalid condition id : UX DEVICE CLASS RTOS Condition cause : null
2024-04-08 13:29:46,822 [WARN] ConditionMgr:438 - getConditionDescription Invalid condition id : UX DEVICE CLASS RTOS Condition cause : null
2024-04-08 13:29:46,825 [WARN] PackLoader:240 - Cannot read IP mode file for STMicroelectronics.X-CUBE-AZRTOS-WB.2.0.0
2024-04-08 13:29:46,826 [WARN] ConditionMgr:1039 - genDependencies : Invalid condition id : UX DEVICE CLASS RTOS Condition cause : null
2024-04-08 13:29:46,827 [WARN] ConditionMgr:1039 - genDependencies : Invalid condition id : UX DEVICE CLASS RTOS Condition cause : null
2024-04-08 13:29:46,828 [WARN] ConditionMgr:1039 - genDependencies : Invalid condition id : UX DEVICE CLASS RTOS Condition cause : null
2024-04-08 13:29:46,828 [WARN] ConditionMgr:1039 - genDependencies : Invalid condition id : UX DEVICE CLASS RTOS Condition cause : null
2024-04-08 13:29:46,828 [WARN] ConditionMgr:1039 - genDependencies : Invalid condition id : UX DEVICE CLASS RTOS Condition cause : null
2024-04-08 13:29:46,864 [WARN] PackLoader:240 - Cannot read IP mode file for STMicroelectronics.X-CUBE-SUBG2.5.0.0
2024-04-08 13:29:46,930 [WARN] PackLoader:240 - Cannot read IP mode file for STMicroelectronics.X-CUBE-AZRTOS-G4.2.0.0
2024-04-08 13:29:46,968 [WARN] PackLoader:240 - Cannot read IP mode file for Infineon.AIROC-Wi-Fi-Bluetooth-STM32.1.5.1
2024-04-08 13:29:46,996 [WARN] PackLoader:240 - Cannot read IP mode file for STMicroelectronics.FP-SNS-MOTENVWB1.1.3.1
2024-04-08 13:29:47,017 [WARN] PackLoader:240 - Cannot read IP mode file for STMicroelectronics.X-CUBE-ISPU.2.0.0
2024-04-08 13:29:47,086 [WARN] PackLoader:240 - Cannot read IP mode file for STMicroelectronics.X-CUBE-MEMS1.10.0.0
2024-04-08 13:29:47,295 [WARN] PackLoader:240 - Cannot read IP mode file for STMicroelectronics.X-CUBE-FREERTOS.1.1.0
2024-04-08 13:29:47,324 [WARN] PackLoader:240 - Cannot read IP mode file for portGmbH.I-Cube-SoM-uGOAL.1.1.0
2024-04-08 13:29:47,343 [WARN] PackLoader:240 - Cannot read IP mode file for STMicroelectronics.X-CUBE-ALS.1.0.1
2024-04-08 13:29:47,360 [WARN] PackLoader:240 - Cannot read IP mode file for STMicroelectronics.FP-ATR-ASTRA1.2.0.0
2024-04-08 13:29:47,393 [WARN] PackLoader:240 - Cannot read IP mode file for STMicroelectronics.X-CUBE-TOF1.3.4.1
2024-04-08 13:29:47,463 [WARN] PackLoader:240 - Cannot read IP mode file for STMicroelectronics.X-CUBE-AZRTOS-H7.3.2.0
2024-04-08 13:29:47,469 [INFO] ThirdParty:978 - Integrity check success = true
2024-04-08 13:29:47,469 [INFO] IntegrityCheckThread:100 - exiting critical section [integrity check]
2024-04-08 13:29:47,469 [INFO] IntegrityCheckThread:103 - End integrity checks thread
2024-04-08 13:29:52,661 [INFO] WebApp:161 - Instantiating new browser for Auth
2024-04-08 13:29:54,509 [INFO] WebApp:779 - Register for checkConnection events
2024-04-08 13:29:54,509 [INFO] WebApp:414 - Apply proxy settings
2024-04-08 13:29:54,511 [INFO] WebApp:499 - Chromium requires no authentication
2024-04-08 13:29:54,527 [INFO] WebApp:442 - Direct internet connection detected
2024-04-08 13:29:54,902 [INFO] WebApp:192 - Starting web application
2024-04-08 13:29:54,903 [INFO] WebApp:544 - Web application path used C:\ST\STM32CubeIDE_1.14.1\STM32CubeIDE\plugins\com.st.stm32cube.common.mx_6.11.0.202403141607\db\plugins\mcufinder\reactClient1\index.html
